

-------------------------------------------------
CS240 Midterm 1: exponent. ifransig   
Tue Feb 23 16:21:05 EST 2016
-------------------------------------------------
task14 2 3                          : 4   of 4  
task14 5 9                          : 4   of 4  
task14 0 3                          : 4   of 4  
task14 5 20                         : 4   of 4  
task14 8 3                          : 4   of 4  
-------------------------------------------------
CS240 - Midterm 1: exponent. ifransig Tue Feb 23 16:21:05 EST 2016  Total:  20 of 20



-------------------------------------------------
CS240 Midterm 1: exponent. ifransig   
Tue Feb 23 16:37:55 EST 2016
-------------------------------------------------
task14 2 3                          : 4   of 4  
task14 5 9                          : 4   of 4  
task14 0 3                          : 4   of 4  
task14 5 20                         : 4   of 4  
task14 8 3                          : 4   of 4  
-------------------------------------------------
CS240 - Midterm 1: exponent. ifransig Tue Feb 23 16:37:55 EST 2016  Total:  20 of 20



-------------------------------------------------
CS240 Midterm 1: exponent. ifransig   
Tue Feb 23 16:39:01 EST 2016
-------------------------------------------------
task14 2 3                          : 4   of 4  
task14 5 9                          : 4   of 4  
task14 0 3                          : 4   of 4  
task14 5 20                         : 4   of 4  
task14 8 3                          : 4   of 4  
-------------------------------------------------
CS240 - Midterm 1: exponent. ifransig Tue Feb 23 16:39:01 EST 2016  Total:  20 of 20



-------------------------------------------------
CS240 Midterm 1: exponent. cs240   
Mon Jan 30 22:26:59 EST 2017
-------------------------------------------------
task14 2 3                          : 0   of 4  
task14 5 9                          : 0   of 4  
-------------------------------------------------
CS240 - Midterm 1: exponent. cs240 Mon Jan 30 22:26:59 EST 2017  Total:  0 of 20



-------------------------------------------------
CS240 Midterm 1: exponent. cs240   
Mon Jan 30 22:27:44 EST 2017
-------------------------------------------------
task14 2 3                          : 0   of 4  
task14 5 9                          : 0   of 4  
-------------------------------------------------
CS240 - Midterm 1: exponent. cs240 Mon Jan 30 22:27:44 EST 2017  Total:  0 of 20



-------------------------------------------------
CS240 Midterm 1: exponent. cs240   
Mon Jan 30 22:30:34 EST 2017
-------------------------------------------------
task14 2 3                          : 0   of 4  
task14 5 9                          : 0   of 4  
-------------------------------------------------
CS240 - Midterm 1: exponent. cs240 Mon Jan 30 22:30:34 EST 2017  Total:  0 of 20



-------------------------------------------------
CS240 Midterm 1: exponent. cs240   
Mon Jan 30 22:37:46 EST 2017
-------------------------------------------------
task14 2 3                          : 0   of 4  
task14 5 9                          : 0   of 4  
-------------------------------------------------
CS240 - Midterm 1: exponent. cs240 Mon Jan 30 22:37:46 EST 2017  Total:  0 of 20



-------------------------------------------------
CS240 Midterm 1: exponent. cs240   
Mon Jan 30 22:40:43 EST 2017
-------------------------------------------------
task14 2 3                          : 0   of 4  
task14 5 9                          : 0   of 4  
-------------------------------------------------
CS240 - Midterm 1: exponent. cs240 Mon Jan 30 22:40:43 EST 2017  Total:  0 of 20



-------------------------------------------------
CS240 Midterm 1: exponent. cs240   
Mon Jan 30 22:41:11 EST 2017
-------------------------------------------------
task14 2 3                          : 0   of 4  
task14 5 9                          : 0   of 4  
-------------------------------------------------
CS240 - Midterm 1: exponent. cs240 Mon Jan 30 22:41:11 EST 2017  Total:  0 of 20



-------------------------------------------------
CS240 Midterm 1: exponent. cs240   
Mon Jan 30 22:41:45 EST 2017
-------------------------------------------------
task14 2 3                          : 0   of 4  
task14 5 9                          : 0   of 4  
-------------------------------------------------
CS240 - Midterm 1: exponent. cs240 Mon Jan 30 22:41:45 EST 2017  Total:  0 of 20



-------------------------------------------------
CS240 Midterm 1: exponent. cs240   
Mon Jan 30 22:42:29 EST 2017
-------------------------------------------------
task14 2 3                          : 0   of 4  
task14 5 9                          : 0   of 4  
-------------------------------------------------
CS240 - Midterm 1: exponent. cs240 Mon Jan 30 22:42:29 EST 2017  Total:  0 of 20



-------------------------------------------------
CS240 Midterm 1: exponent. cs240   
Mon Jan 30 22:42:49 EST 2017
-------------------------------------------------
task14 2 3                          : 0   of 4  
task14 5 9                          : 0   of 4  
-------------------------------------------------
CS240 - Midterm 1: exponent. cs240 Mon Jan 30 22:42:49 EST 2017  Total:  0 of 20



-------------------------------------------------
CS240 Midterm 1: exponent. dhar1   
Fri Feb  3 15:00:00 EST 2017
-------------------------------------------------
task14 2 3                          : 0   of 4  
task14 5 9                          : 0   of 4  
task14 0 3                          : 4   of 4  
task14 8 3                          : 4   of 4  
-------------------------------------------------
CS240 - Midterm 1: exponent. dhar1 Fri Feb 3 15:00:00 EST 2017  Total:  8 of 20



-------------------------------------------------
CS240 Midterm 1: exponent. dhar1   
Fri Feb  3 15:04:34 EST 2017
-------------------------------------------------
task14 2 3                          : 0   of 4  
task14 5 9                          : 0   of 4  
task14 0 3                          : 4   of 4  
task14 8 3                          : 4   of 4  
-------------------------------------------------
CS240 - Midterm 1: exponent. dhar1 Fri Feb 3 15:04:34 EST 2017  Total:  8 of 20



-------------------------------------------------
CS240 Midterm 1: exponent. dhar1   
Mon Feb  6 15:16:47 EST 2017
-------------------------------------------------
task14 2 3                          : 0   of 4  
task14 5 9                          : 0   of 4  
task14 0 3                          : 4   of 4  
task14 5 20                         : 4   of 4  
task14 8 3                          : 4   of 4  
-------------------------------------------------
CS240 - Midterm 1: exponent. dhar1 Mon Feb 6 15:16:47 EST 2017  Total:  12 of 20



-------------------------------------------------
CS240 Midterm 1: exponent. dhar1   
Mon Feb  6 15:17:46 EST 2017
-------------------------------------------------
task14 2 3                          : 4   of 4  
task14 5 9                          : 4   of 4  
task14 0 3                          : 4   of 4  
task14 5 20                         : 4   of 4  
task14 8 3                          : 4   of 4  
-------------------------------------------------
CS240 - Midterm 1: exponent. dhar1 Mon Feb 6 15:17:46 EST 2017  Total:  20 of 20



-------------------------------------------------
CS240 Midterm 1: exponent. dhar1   
Mon Feb  6 15:18:10 EST 2017
-------------------------------------------------
task14 2 3                          : 4   of 4  
task14 5 9                          : 4   of 4  
task14 0 3                          : 4   of 4  
task14 5 20                         : 4   of 4  
task14 8 3                          : 4   of 4  
-------------------------------------------------
CS240 - Midterm 1: exponent. dhar1 Mon Feb 6 15:18:10 EST 2017  Total:  20 of 20



-------------------------------------------------
CS240 Midterm 1: exponent. dhar1   
Sat Sep 16 17:59:12 EDT 2017
-------------------------------------------------
task14 2 3                          : 4   of 4  
task14 5 9                          : 4   of 4  
task14 0 3                          : 4   of 4  
task14 5 20                         : 4   of 4  
task14 8 3                          : 4   of 4  
-------------------------------------------------
CS240 - Midterm 1: exponent. dhar1 Sat Sep 16 17:59:12 EDT 2017  Total:  20 of 20

