0a1,41
> RPN Plotter.
>                     * *                 |     **                       **       
>                                         |    *  *                     *  *      
>                    *   *                |                                       
>                                         |   *                        *          
>                         *               |        *                        *     
>                   *                     |                                       
>                                         |  *                        *           
>                                         |                                  *    
>                          *              |         *                             
> *                *                      |                                       
>                                         | *                        *            
>                                         |                                   *   
>                           *             |          *                            
>  *                                      |                                       
>                 *                       |                                       
>                                         |*                        *             
>                                         |                                    *  
>                            *            |           *                           
>   *                                     |                                       
> _______________*________________________*_______________________________________
>                                         |                        *              
>                                         |                                     * 
>                             *           |            *                          
>    *                                    |                                       
>               *                        *|                                       
>                                         |                       *               
>                                         |                                      *
>                              *          |             *                         
>     *                                   |                                       
>              *                        * |                                       
>                                         |                      *                
>                               *         |              *                        
>      *                                  |                                       
>             *                        *  |                                       
>                                         |                     *                 
>       *                        *        |               *                       
>            *                        *   |                                       
>                                         |                *   *                  
>        *  *                     *  *    |                                       
>         **                       **     |                 ***                   
