CS240: Exam3. pheldrin Fri Dec 11 00:41:36 EST 2015  Total:  6 of 25
6
25
CS240: Exam3. pheldrin Fri Dec 11 00:44:50 EST 2015  Total:  25 of 25
25
25
CS240: Exam3. pheldrin Fri Dec 11 00:44:56 EST 2015  Total:  25 of 25
25
25
CS240: Exam3. pheldrin Sun Dec 13 21:19:35 EST 2015  Total:  25 of 25
25
25
CS240: Exam3. pheldrin Sun Dec 13 21:20:11 EST 2015  Total:  25 of 25
25
25
CS240: Exam3. pheldrin Sun Dec 13 21:20:31 EST 2015  Total:  25 of 25
25
25
CS240: Exam3. pheldrin Sun Dec 13 21:39:46 EST 2015  Total:  0 of 25
0
25
CS240: Exam3. pheldrin Sun Dec 13 21:45:11 EST 2015  Total:  0 of 25
0
25
CS240: Exam3. pheldrin Sun Dec 13 21:45:36 EST 2015  Total:  0 of 25
0
25
CS240: Exam3. pheldrin Sun Dec 13 21:46:04 EST 2015  Total:  0 of 25
0
25
CS240: Exam3. dhar1 Wed Apr 26 16:40:45 EDT 2017  Total:  6 of 25
6
25
CS240: Exam3. dhar1 Wed Apr 26 16:45:22 EDT 2017  Total:  6 of 25
6
25
CS240: Exam3. dhar1 Wed Apr 26 16:47:54 EDT 2017  Total:  6 of 25
6
25
CS240: Exam3. dhar1 Wed Apr 26 16:50:35 EDT 2017  Total:  12 of 25
12
25
CS240: Exam3. dhar1 Wed Apr 26 16:50:58 EDT 2017  Total:  12 of 25
12
25
CS240: Exam3. dhar1 Wed Apr 26 16:51:22 EDT 2017  Total:  12 of 25
12
25
CS240: Exam3. dhar1 Wed Apr 26 16:55:14 EDT 2017  Total:  18 of 25
18
25
CS240: Exam3. dhar1 Wed Apr 26 16:59:17 EDT 2017  Total:  12 of 25
12
25
CS240: Exam3. dhar1 Sun Apr 30 00:57:15 EDT 2017  Total:  12 of 25
12
25
CS240: Exam3. dhar1 Sun Apr 30 15:22:21 EDT 2017  Total:  12 of 25
12
25
CS240: Exam3. dhar1 Mon May 1 08:51:36 EDT 2017  Total:  12 of 25
12
25
CS240: Exam3. dhar1 Mon May 1 11:13:23 EDT 2017  Total:  12 of 25
12
25
CS240: Exam3. dhar1 Mon May 1 11:15:00 EDT 2017  Total:  12 of 25
12
25
CS240: Exam3. dhar1 Mon May 1 11:15:15 EDT 2017  Total:  12 of 25
12
25
CS240: Exam3. dhar1 Mon May 1 11:15:22 EDT 2017  Total:  12 of 25
12
25
CS240: Exam3. dhar1 Mon May 1 11:17:08 EDT 2017  Total:  19 of 25
19
25
CS240: Exam3. dhar1 Mon May 1 11:19:38 EDT 2017  Total:  25 of 25
25
25
CS240: Exam3. dhar1 Mon May 1 11:19:48 EDT 2017  Total:  25 of 25
25
25
