

-------------------------------------------------
CS240 Midterm 1: task35. nguye225   
Tue Feb 23 15:56:30 EST 2016
-------------------------------------------------
task35 t                            : 5   of 5  
task35 ttt                          : 5   of 5  
task35 tight                        : 5   of 5  
task35 racecar                      : 5   of 5  
task35 are we not drawn onward we few drawn onward to new era : 5   of 5  
task35 armadillo ollidamra          : 5   of 5  
task35 t hiht                       : 5   of 5  
task35 tig                          : 5   of 5  
task35 t	igit                       : 5   of 5  
task35 asdfasdfasdfasdfasdffdsafdsafdsafdsafdsaG : 5   of 5  
-------------------------------------------------
CS240 - Midterm 1: task35. nguye225 Tue Feb 23 15:56:30 EST 2016  Total:  50 of 50



-------------------------------------------------
CS240 Midterm 1: task35. nguye225   
Tue Feb 23 16:27:01 EST 2016
-------------------------------------------------
task35 t                            : 5   of 5  
task35 ttt                          : 5   of 5  
task35 tight                        : 5   of 5  
task35 racecar                      : 5   of 5  
task35 are we not drawn onward we few drawn onward to new era : 5   of 5  
task35 armadillo ollidamra          : 5   of 5  
task35 t hiht                       : 5   of 5  
task35 tig                          : 5   of 5  
task35 t	igit                       : 5   of 5  
task35 asdfasdfasdfasdfasdffdsafdsafdsafdsafdsaG : 5   of 5  
-------------------------------------------------
CS240 - Midterm 1: task35. nguye225 Tue Feb 23 16:27:01 EST 2016  Total:  50 of 50



-------------------------------------------------
CS240 Midterm 1: task35. cs240   
Mon Jan 30 22:35:57 EST 2017
-------------------------------------------------
task35 t                            : 5   of 5  
task35 ttt                          : 5   of 5  
task35 tight                        : 5   of 5  
task35 racecar                      : 5   of 5  
task35 are we not drawn onward we few drawn onward to new era : 5   of 5  
task35 armadillo ollidamra          : 5   of 5  
task35 t hiht                       : 5   of 5  
task35 tig                          : 5   of 5  
task35 t	igit                       : 5   of 5  
task35 asdfasdfasdfasdfasdffdsafdsafdsafdsafdsaG : 5   of 5  
-------------------------------------------------
CS240 - Midterm 1: task35. cs240 Mon Jan 30 22:35:57 EST 2017  Total:  50 of 50



-------------------------------------------------
CS240 Midterm 1: task35. cs240   
Mon Jan 30 22:37:46 EST 2017
-------------------------------------------------
task35 t                            : 5   of 5  
task35 ttt                          : 5   of 5  
task35 tight                        : 5   of 5  
task35 racecar                      : 5   of 5  
task35 are we not drawn onward we few drawn onward to new era : 5   of 5  
task35 armadillo ollidamra          : 5   of 5  
task35 t hiht                       : 5   of 5  
task35 tig                          : 5   of 5  
task35 t	igit                       : 5   of 5  
task35 asdfasdfasdfasdfasdffdsafdsafdsafdsafdsaG : 5   of 5  
-------------------------------------------------
CS240 - Midterm 1: task35. cs240 Mon Jan 30 22:37:46 EST 2017  Total:  50 of 50



-------------------------------------------------
CS240 Midterm 1: task35. cs240   
Mon Jan 30 22:39:17 EST 2017
-------------------------------------------------
task35 t                            : 5   of 5  
task35 ttt                          : 5   of 5  
task35 tight                        : 5   of 5  
task35 racecar                      : 5   of 5  
task35 are we not drawn onward we few drawn onward to new era : 5   of 5  
task35 armadillo ollidamra          : 5   of 5  
task35 t hiht                       : 5   of 5  
task35 tig                          : 5   of 5  
task35 t	igit                       : 5   of 5  
task35 asdfasdfasdfasdfasdffdsafdsafdsafdsafdsaG : 5   of 5  
-------------------------------------------------
CS240 - Midterm 1: task35. cs240 Mon Jan 30 22:39:17 EST 2017  Total:  50 of 50



-------------------------------------------------
CS240 Midterm 1: task35. cs240   
Mon Jan 30 22:40:06 EST 2017
-------------------------------------------------
task35 t                            : 0   of 5  
task35 ttt                          : 0   of 5  
task35 tight                        : 5   of 5  
task35 racecar                      : 0   of 5  
task35 are we not drawn onward we few drawn onward to new era : 0   of 5  
task35 armadillo ollidamra          : 0   of 5  
task35 t hiht                       : 0   of 5  
task35 tig                          : 5   of 5  
task35 t	igit                       : 0   of 5  
task35 asdfasdfasdfasdfasdffdsafdsafdsafdsafdsaG : 5   of 5  
-------------------------------------------------
CS240 - Midterm 1: task35. cs240 Mon Jan 30 22:40:06 EST 2017  Total:  15 of 50



-------------------------------------------------
CS240 Midterm 1: task35. cs240   
Mon Jan 30 22:40:30 EST 2017
-------------------------------------------------
task35 t                            : 0   of 5  
task35 ttt                          : 0   of 5  
task35 tight                        : 5   of 5  
task35 racecar                      : 0   of 5  
task35 are we not drawn onward we few drawn onward to new era : 0   of 5  
task35 armadillo ollidamra          : 0   of 5  
task35 t hiht                       : 0   of 5  
task35 tig                          : 5   of 5  
task35 t	igit                       : 0   of 5  
task35 asdfasdfasdfasdfasdffdsafdsafdsafdsafdsaG : 5   of 5  
-------------------------------------------------
CS240 - Midterm 1: task35. cs240 Mon Jan 30 22:40:30 EST 2017  Total:  15 of 50



-------------------------------------------------
CS240 Midterm 1: task35. cs240   
Mon Jan 30 22:40:44 EST 2017
-------------------------------------------------
task35 t                            : 0   of 5  
task35 ttt                          : 0   of 5  
task35 tight                        : 5   of 5  
task35 racecar                      : 0   of 5  
task35 are we not drawn onward we few drawn onward to new era : 0   of 5  
task35 armadillo ollidamra          : 0   of 5  
task35 t hiht                       : 0   of 5  
task35 tig                          : 5   of 5  
task35 t	igit                       : 0   of 5  
task35 asdfasdfasdfasdfasdffdsafdsafdsafdsafdsaG : 5   of 5  
-------------------------------------------------
CS240 - Midterm 1: task35. cs240 Mon Jan 30 22:40:44 EST 2017  Total:  15 of 50



-------------------------------------------------
CS240 Midterm 1: task35. cs240   
Mon Jan 30 22:41:12 EST 2017
-------------------------------------------------
task35 t                            : 0   of 5  
task35 ttt                          : 0   of 5  
task35 tight                        : 5   of 5  
task35 racecar                      : 0   of 5  
task35 are we not drawn onward we few drawn onward to new era : 0   of 5  
task35 armadillo ollidamra          : 0   of 5  
task35 t hiht                       : 0   of 5  
task35 tig                          : 5   of 5  
task35 t	igit                       : 0   of 5  
task35 asdfasdfasdfasdfasdffdsafdsafdsafdsafdsaG : 5   of 5  
-------------------------------------------------
CS240 - Midterm 1: task35. cs240 Mon Jan 30 22:41:12 EST 2017  Total:  15 of 50



-------------------------------------------------
CS240 Midterm 1: task35. cs240   
Mon Jan 30 22:41:45 EST 2017
-------------------------------------------------
task35 t                            : 0   of 5  
task35 ttt                          : 0   of 5  
task35 tight                        : 5   of 5  
task35 racecar                      : 0   of 5  
task35 are we not drawn onward we few drawn onward to new era : 0   of 5  
task35 armadillo ollidamra          : 0   of 5  
task35 t hiht                       : 0   of 5  
task35 tig                          : 5   of 5  
task35 t	igit                       : 0   of 5  
task35 asdfasdfasdfasdfasdffdsafdsafdsafdsafdsaG : 5   of 5  
-------------------------------------------------
CS240 - Midterm 1: task35. cs240 Mon Jan 30 22:41:45 EST 2017  Total:  15 of 50



-------------------------------------------------
CS240 Midterm 1: task35. cs240   
Mon Jan 30 22:42:29 EST 2017
-------------------------------------------------
task35 t                            : 0   of 5  
task35 ttt                          : 0   of 5  
task35 tight                        : 5   of 5  
task35 racecar                      : 0   of 5  
task35 are we not drawn onward we few drawn onward to new era : 0   of 5  
task35 armadillo ollidamra          : 0   of 5  
task35 t hiht                       : 0   of 5  
task35 tig                          : 5   of 5  
task35 t	igit                       : 0   of 5  
task35 asdfasdfasdfasdfasdffdsafdsafdsafdsafdsaG : 5   of 5  
-------------------------------------------------
CS240 - Midterm 1: task35. cs240 Mon Jan 30 22:42:29 EST 2017  Total:  15 of 50



-------------------------------------------------
CS240 Midterm 1: task35. cs240   
Mon Jan 30 22:42:49 EST 2017
-------------------------------------------------
task35 t                            : 0   of 5  
task35 ttt                          : 0   of 5  
task35 tight                        : 5   of 5  
task35 racecar                      : 0   of 5  
task35 are we not drawn onward we few drawn onward to new era : 0   of 5  
task35 armadillo ollidamra          : 0   of 5  
task35 t hiht                       : 0   of 5  
task35 tig                          : 5   of 5  
task35 t	igit                       : 0   of 5  
task35 asdfasdfasdfasdfasdffdsafdsafdsafdsafdsaG : 5   of 5  
-------------------------------------------------
CS240 - Midterm 1: task35. cs240 Mon Jan 30 22:42:49 EST 2017  Total:  15 of 50



-------------------------------------------------
CS240 Midterm 1: task35. dhar1   
Fri Feb 10 00:19:56 EST 2017
-------------------------------------------------
task35 t                            : 0   of 5  
task35 ttt                          : 0   of 5  
task35 tight                        : 5   of 5  
task35 racecar                      : 0   of 5  
task35 are we not drawn onward we few drawn onward to new era : 0   of 5  
task35 armadillo ollidamra          : 0   of 5  
task35 t hiht                       : 0   of 5  
task35 tig                          : 5   of 5  
task35 t	igit                       : 0   of 5  
task35 asdfasdfasdfasdfasdffdsafdsafdsafdsafdsaG : 5   of 5  
!!!!! Don't use string library functions !!!!!
-------------------------------------------------
CS240 - Midterm 1: task35. dhar1 Fri Feb 10 00:19:56 EST 2017  Total:  0 of 50



-------------------------------------------------
CS240 Midterm 1: task35. dhar1   
Fri Feb 10 00:20:36 EST 2017
-------------------------------------------------
task35 t                            : 0   of 5  
task35 ttt                          : 0   of 5  
task35 tight                        : 5   of 5  
task35 racecar                      : 0   of 5  
task35 are we not drawn onward we few drawn onward to new era : 0   of 5  
task35 armadillo ollidamra          : 0   of 5  
task35 t hiht                       : 0   of 5  
task35 tig                          : 5   of 5  
task35 t	igit                       : 0   of 5  
task35 asdfasdfasdfasdfasdffdsafdsafdsafdsafdsaG : 5   of 5  
!!!!! Don't use string library functions !!!!!
-------------------------------------------------
CS240 - Midterm 1: task35. dhar1 Fri Feb 10 00:20:36 EST 2017  Total:  0 of 50



-------------------------------------------------
CS240 Midterm 1: task35. dhar1   
Fri Feb 10 00:21:21 EST 2017
-------------------------------------------------
task35 t                            : 5   of 5  
task35 ttt                          : 5   of 5  
task35 tight                        : 0   of 5  
task35 racecar                      : 5   of 5  
task35 are we not drawn onward we few drawn onward to new era : 5   of 5  
task35 armadillo ollidamra          : 5   of 5  
task35 t hiht                       : 5   of 5  
task35 tig                          : 0   of 5  
task35 t	igit                       : 5   of 5  
task35 asdfasdfasdfasdfasdffdsafdsafdsafdsafdsaG : 0   of 5  
!!!!! Don't use string library functions !!!!!
-------------------------------------------------
CS240 - Midterm 1: task35. dhar1 Fri Feb 10 00:21:21 EST 2017  Total:  0 of 50



-------------------------------------------------
CS240 Midterm 1: task35. dhar1   
Fri Feb 10 00:34:59 EST 2017
-------------------------------------------------
task35 t                            : 5   of 5  
task35 ttt                          : 5   of 5  
task35 tight                        : 0   of 5  
task35 racecar                      : 5   of 5  
task35 are we not drawn onward we few drawn onward to new era : 5   of 5  
task35 armadillo ollidamra          : 5   of 5  
task35 t hiht                       : 5   of 5  
task35 tig                          : 0   of 5  
task35 t	igit                       : 5   of 5  
task35 asdfasdfasdfasdfasdffdsafdsafdsafdsafdsaG : 0   of 5  
-------------------------------------------------
CS240 - Midterm 1: task35. dhar1 Fri Feb 10 00:34:59 EST 2017  Total:  35 of 50



-------------------------------------------------
CS240 Midterm 1: task35. dhar1   
Fri Feb 10 00:35:07 EST 2017
-------------------------------------------------
task35 t                            : 5   of 5  
task35 ttt                          : 5   of 5  
task35 tight                        : 0   of 5  
task35 racecar                      : 5   of 5  
task35 are we not drawn onward we few drawn onward to new era : 5   of 5  
task35 armadillo ollidamra          : 5   of 5  
task35 t hiht                       : 5   of 5  
task35 tig                          : 0   of 5  
task35 t	igit                       : 5   of 5  
task35 asdfasdfasdfasdfasdffdsafdsafdsafdsafdsaG : 0   of 5  
-------------------------------------------------
CS240 - Midterm 1: task35. dhar1 Fri Feb 10 00:35:07 EST 2017  Total:  35 of 50



-------------------------------------------------
CS240 Midterm 1: task35. dhar1   
Fri Feb 10 00:36:01 EST 2017
-------------------------------------------------
task35 t                            : 5   of 5  
task35 ttt                          : 5   of 5  
task35 tight                        : 0   of 5  
task35 racecar                      : 5   of 5  
task35 are we not drawn onward we few drawn onward to new era : 5   of 5  
task35 armadillo ollidamra          : 5   of 5  
task35 t hiht                       : 5   of 5  
task35 tig                          : 0   of 5  
task35 t	igit                       : 5   of 5  
task35 asdfasdfasdfasdfasdffdsafdsafdsafdsafdsaG : 0   of 5  
-------------------------------------------------
CS240 - Midterm 1: task35. dhar1 Fri Feb 10 00:36:01 EST 2017  Total:  35 of 50



-------------------------------------------------
CS240 Midterm 1: task35. dhar1   
Fri Feb 10 00:37:27 EST 2017
-------------------------------------------------
task35 t                            : 5   of 5  
task35 ttt                          : 5   of 5  
task35 tight                        : 0   of 5  
task35 racecar                      : 5   of 5  
task35 are we not drawn onward we few drawn onward to new era : 5   of 5  
task35 armadillo ollidamra          : 5   of 5  
task35 t hiht                       : 5   of 5  
task35 tig                          : 0   of 5  
task35 t	igit                       : 5   of 5  
task35 asdfasdfasdfasdfasdffdsafdsafdsafdsafdsaG : 0   of 5  
-------------------------------------------------
CS240 - Midterm 1: task35. dhar1 Fri Feb 10 00:37:27 EST 2017  Total:  35 of 50



-------------------------------------------------
CS240 Midterm 1: task35. dhar1   
Fri Feb 10 00:39:16 EST 2017
-------------------------------------------------
task35 t                            : 5   of 5  
task35 ttt                          : 5   of 5  
task35 tight                        : 0   of 5  
task35 racecar                      : 5   of 5  
task35 are we not drawn onward we few drawn onward to new era : 5   of 5  
task35 armadillo ollidamra          : 5   of 5  
task35 t hiht                       : 5   of 5  
task35 tig                          : 0   of 5  
task35 t	igit                       : 5   of 5  
task35 asdfasdfasdfasdfasdffdsafdsafdsafdsafdsaG : 0   of 5  
-------------------------------------------------
CS240 - Midterm 1: task35. dhar1 Fri Feb 10 00:39:16 EST 2017  Total:  35 of 50



-------------------------------------------------
CS240 Midterm 1: task35. dhar1   
Fri Feb 10 00:42:10 EST 2017
-------------------------------------------------
task35 t                            : 5   of 5  
task35 ttt                          : 5   of 5  
task35 tight                        : 0   of 5  
task35 racecar                      : 5   of 5  
task35 are we not drawn onward we few drawn onward to new era : 5   of 5  
task35 armadillo ollidamra          : 5   of 5  
task35 t hiht                       : 5   of 5  
task35 tig                          : 0   of 5  
task35 t	igit                       : 5   of 5  
task35 asdfasdfasdfasdfasdffdsafdsafdsafdsafdsaG : 0   of 5  
-------------------------------------------------
CS240 - Midterm 1: task35. dhar1 Fri Feb 10 00:42:10 EST 2017  Total:  35 of 50



-------------------------------------------------
CS240 Midterm 1: task35. dhar1   
Fri Feb 10 00:42:50 EST 2017
-------------------------------------------------
task35 t                            : 0   of 5  
task35 ttt                          : 0   of 5  
task35 tight                        : 5   of 5  
task35 racecar                      : 0   of 5  
task35 are we not drawn onward we few drawn onward to new era : 0   of 5  
task35 armadillo ollidamra          : 0   of 5  
task35 t hiht                       : 0   of 5  
task35 tig                          : 5   of 5  
task35 t	igit                       : 0   of 5  
task35 asdfasdfasdfasdfasdffdsafdsafdsafdsafdsaG : 5   of 5  
-------------------------------------------------
CS240 - Midterm 1: task35. dhar1 Fri Feb 10 00:42:50 EST 2017  Total:  15 of 50



-------------------------------------------------
CS240 Midterm 1: task35. dhar1   
Fri Feb 10 00:43:38 EST 2017
-------------------------------------------------
task35 t                            : 5   of 5  
task35 ttt                          : 5   of 5  
task35 tight                        : 0   of 5  
task35 racecar                      : 5   of 5  
task35 are we not drawn onward we few drawn onward to new era : 5   of 5  
task35 armadillo ollidamra          : 5   of 5  
task35 t hiht                       : 5   of 5  
task35 tig                          : 0   of 5  
task35 t	igit                       : 5   of 5  
task35 asdfasdfasdfasdfasdffdsafdsafdsafdsafdsaG : 0   of 5  
-------------------------------------------------
CS240 - Midterm 1: task35. dhar1 Fri Feb 10 00:43:38 EST 2017  Total:  35 of 50



-------------------------------------------------
CS240 Midterm 1: task35. dhar1   
Fri Feb 10 00:44:09 EST 2017
-------------------------------------------------
task35 t                            : 5   of 5  
task35 ttt                          : 5   of 5  
task35 tight                        : 0   of 5  
task35 racecar                      : 5   of 5  
task35 are we not drawn onward we few drawn onward to new era : 5   of 5  
task35 armadillo ollidamra          : 5   of 5  
task35 t hiht                       : 5   of 5  
task35 tig                          : 0   of 5  
task35 t	igit                       : 5   of 5  
task35 asdfasdfasdfasdfasdffdsafdsafdsafdsafdsaG : 0   of 5  
-------------------------------------------------
CS240 - Midterm 1: task35. dhar1 Fri Feb 10 00:44:09 EST 2017  Total:  35 of 50



-------------------------------------------------
CS240 Midterm 1: task35. dhar1   
Fri Feb 10 02:10:49 EST 2017
-------------------------------------------------
task35 t                            : 5   of 5  
task35 ttt                          : 5   of 5  
task35 tight                        : 0   of 5  
task35 racecar                      : 5   of 5  
task35 are we not drawn onward we few drawn onward to new era : 5   of 5  
task35 armadillo ollidamra          : 5   of 5  
task35 t hiht                       : 5   of 5  
task35 tig                          : 0   of 5  
task35 t	igit                       : 5   of 5  
task35 asdfasdfasdfasdfasdffdsafdsafdsafdsafdsaG : 0   of 5  
-------------------------------------------------
CS240 - Midterm 1: task35. dhar1 Fri Feb 10 02:10:49 EST 2017  Total:  35 of 50



-------------------------------------------------
CS240 Midterm 1: task35. dhar1   
Fri Feb 10 02:11:41 EST 2017
-------------------------------------------------
task35 t                            : 5   of 5  
task35 ttt                          : 5   of 5  
task35 tight                        : 0   of 5  
task35 racecar                      : 5   of 5  
task35 are we not drawn onward we few drawn onward to new era : 5   of 5  
task35 armadillo ollidamra          : 5   of 5  
task35 t hiht                       : 5   of 5  
task35 tig                          : 0   of 5  
task35 t	igit                       : 5   of 5  
task35 asdfasdfasdfasdfasdffdsafdsafdsafdsafdsaG : 0   of 5  
-------------------------------------------------
CS240 - Midterm 1: task35. dhar1 Fri Feb 10 02:11:41 EST 2017  Total:  35 of 50



-------------------------------------------------
CS240 Midterm 1: task35. dhar1   
Fri Feb 10 02:11:53 EST 2017
-------------------------------------------------
task35 t                            : 5   of 5  
task35 ttt                          : 5   of 5  
task35 tight                        : 0   of 5  
task35 racecar                      : 5   of 5  
task35 are we not drawn onward we few drawn onward to new era : 5   of 5  
task35 armadillo ollidamra          : 5   of 5  
task35 t hiht                       : 5   of 5  
task35 tig                          : 0   of 5  
task35 t	igit                       : 5   of 5  
task35 asdfasdfasdfasdfasdffdsafdsafdsafdsafdsaG : 0   of 5  
-------------------------------------------------
CS240 - Midterm 1: task35. dhar1 Fri Feb 10 02:11:53 EST 2017  Total:  35 of 50



-------------------------------------------------
CS240 Midterm 1: task35. dhar1   
Fri Feb 10 02:13:21 EST 2017
-------------------------------------------------
task35 t                            : 5   of 5  
task35 ttt                          : 5   of 5  
task35 tight                        : 0   of 5  
task35 racecar                      : 5   of 5  
task35 are we not drawn onward we few drawn onward to new era : 5   of 5  
task35 armadillo ollidamra          : 5   of 5  
task35 t hiht                       : 5   of 5  
task35 tig                          : 0   of 5  
task35 t	igit                       : 5   of 5  
task35 asdfasdfasdfasdfasdffdsafdsafdsafdsafdsaG : 0   of 5  
-------------------------------------------------
CS240 - Midterm 1: task35. dhar1 Fri Feb 10 02:13:21 EST 2017  Total:  35 of 50



-------------------------------------------------
CS240 Midterm 1: task35. dhar1   
Fri Feb 10 02:14:10 EST 2017
-------------------------------------------------
task35 t                            : 5   of 5  
task35 ttt                          : 5   of 5  
task35 tight                        : 0   of 5  
task35 racecar                      : 5   of 5  
task35 are we not drawn onward we few drawn onward to new era : 5   of 5  
task35 armadillo ollidamra          : 5   of 5  
task35 t hiht                       : 5   of 5  
task35 tig                          : 0   of 5  
task35 t	igit                       : 5   of 5  
task35 asdfasdfasdfasdfasdffdsafdsafdsafdsafdsaG : 0   of 5  
-------------------------------------------------
CS240 - Midterm 1: task35. dhar1 Fri Feb 10 02:14:10 EST 2017  Total:  35 of 50



-------------------------------------------------
CS240 Midterm 1: task35. dhar1   
Fri Feb 10 02:14:26 EST 2017
-------------------------------------------------
task35 t                            : 5   of 5  
task35 ttt                          : 5   of 5  
task35 tight                        : 0   of 5  
task35 racecar                      : 5   of 5  
task35 are we not drawn onward we few drawn onward to new era : 5   of 5  
task35 armadillo ollidamra          : 5   of 5  
task35 t hiht                       : 5   of 5  
task35 tig                          : 0   of 5  
task35 t	igit                       : 5   of 5  
task35 asdfasdfasdfasdfasdffdsafdsafdsafdsafdsaG : 0   of 5  
-------------------------------------------------
CS240 - Midterm 1: task35. dhar1 Fri Feb 10 02:14:26 EST 2017  Total:  35 of 50



-------------------------------------------------
CS240 Midterm 1: task35. dhar1   
Fri Feb 10 02:14:32 EST 2017
-------------------------------------------------
task35 t                            : 5   of 5  
task35 ttt                          : 5   of 5  
task35 tight                        : 0   of 5  
task35 racecar                      : 5   of 5  
task35 are we not drawn onward we few drawn onward to new era : 5   of 5  
task35 armadillo ollidamra          : 5   of 5  
task35 t hiht                       : 5   of 5  
task35 tig                          : 0   of 5  
task35 t	igit                       : 5   of 5  
task35 asdfasdfasdfasdfasdffdsafdsafdsafdsafdsaG : 0   of 5  
-------------------------------------------------
CS240 - Midterm 1: task35. dhar1 Fri Feb 10 02:14:32 EST 2017  Total:  35 of 50



-------------------------------------------------
CS240 Midterm 1: task35. dhar1   
Fri Feb 10 02:14:50 EST 2017
-------------------------------------------------
task35 t                            : 0   of 5  
task35 ttt                          : 0   of 5  
task35 tight                        : 5   of 5  
task35 racecar                      : 0   of 5  
task35 are we not drawn onward we few drawn onward to new era : 0   of 5  
task35 armadillo ollidamra          : 0   of 5  
task35 t hiht                       : 0   of 5  
task35 tig                          : 5   of 5  
task35 t	igit                       : 0   of 5  
task35 asdfasdfasdfasdfasdffdsafdsafdsafdsafdsaG : 5   of 5  
-------------------------------------------------
CS240 - Midterm 1: task35. dhar1 Fri Feb 10 02:14:50 EST 2017  Total:  15 of 50



-------------------------------------------------
CS240 Midterm 1: task35. dhar1   
Fri Feb 10 02:16:33 EST 2017
-------------------------------------------------
task35 t                            : 5   of 5  
task35 ttt                          : 5   of 5  
task35 tight                        : 5   of 5  
task35 racecar                      : 5   of 5  
task35 are we not drawn onward we few drawn onward to new era : 5   of 5  
task35 armadillo ollidamra          : 5   of 5  
task35 t hiht                       : 5   of 5  
task35 tig                          : 5   of 5  
task35 t	igit                       : 5   of 5  
task35 asdfasdfasdfasdfasdffdsafdsafdsafdsafdsaG : 5   of 5  
-------------------------------------------------
CS240 - Midterm 1: task35. dhar1 Fri Feb 10 02:16:33 EST 2017  Total:  50 of 50



-------------------------------------------------
CS240 Midterm 1: task35. dhar1   
Fri Feb 10 02:25:24 EST 2017
-------------------------------------------------
task35 t                            : 0   of 5  
task35 ttt                          : 0   of 5  
task35 tight                        : 0   of 5  
task35 racecar                      : 0   of 5  
task35 are we not drawn onward we few drawn onward to new era : 5   of 5  
task35 armadillo ollidamra          : 0   of 5  
task35 t hiht                       : 5   of 5  
task35 tig                          : 0   of 5  
task35 t	igit                       : 5   of 5  
task35 asdfasdfasdfasdfasdffdsafdsafdsafdsafdsaG : 0   of 5  
-------------------------------------------------
CS240 - Midterm 1: task35. dhar1 Fri Feb 10 02:25:24 EST 2017  Total:  15 of 50



-------------------------------------------------
CS240 Midterm 1: task35. dhar1   
Fri Feb 10 02:30:23 EST 2017
-------------------------------------------------
task35 t                            : 5   of 5  
task35 ttt                          : 5   of 5  
task35 tight                        : 5   of 5  
task35 racecar                      : 5   of 5  
task35 are we not drawn onward we few drawn onward to new era : 0   of 5  
task35 armadillo ollidamra          : 5   of 5  
task35 t hiht                       : 0   of 5  
task35 tig                          : 5   of 5  
task35 t	igit                       : 0   of 5  
task35 asdfasdfasdfasdfasdffdsafdsafdsafdsafdsaG : 5   of 5  
-------------------------------------------------
CS240 - Midterm 1: task35. dhar1 Fri Feb 10 02:30:23 EST 2017  Total:  35 of 50



-------------------------------------------------
CS240 Midterm 1: task35. dhar1   
Fri Feb 10 02:42:47 EST 2017
-------------------------------------------------
task35 t                            : 5   of 5  
task35 ttt                          : 5   of 5  
task35 tight                        : 5   of 5  
task35 racecar                      : 5   of 5  
task35 are we not drawn onward we few drawn onward to new era : 5   of 5  
task35 armadillo ollidamra          : 5   of 5  
task35 t hiht                       : 5   of 5  
task35 tig                          : 5   of 5  
task35 t	igit                       : 5   of 5  
task35 asdfasdfasdfasdfasdffdsafdsafdsafdsafdsaG : 5   of 5  
-------------------------------------------------
CS240 - Midterm 1: task35. dhar1 Fri Feb 10 02:42:47 EST 2017  Total:  50 of 50



-------------------------------------------------
CS240 Midterm 1: task35. dhar1   
Fri Feb 10 08:25:11 EST 2017
-------------------------------------------------
task35 t                            : 5   of 5  
task35 ttt                          : 5   of 5  
task35 tight                        : 5   of 5  
task35 racecar                      : 5   of 5  
task35 are we not drawn onward we few drawn onward to new era : 5   of 5  
task35 armadillo ollidamra          : 5   of 5  
task35 t hiht                       : 5   of 5  
task35 tig                          : 5   of 5  
task35 t	igit                       : 0   of 5  
task35 asdfasdfasdfasdfasdffdsafdsafdsafdsafdsaG : 5   of 5  
-------------------------------------------------
CS240 - Midterm 1: task35. dhar1 Fri Feb 10 08:25:11 EST 2017  Total:  45 of 50



-------------------------------------------------
CS240 Midterm 1: task35. dhar1   
Fri Feb 10 08:26:49 EST 2017
-------------------------------------------------
task35 t                            : 5   of 5  
task35 ttt                          : 5   of 5  
task35 tight                        : 5   of 5  
task35 racecar                      : 5   of 5  
task35 are we not drawn onward we few drawn onward to new era : 0   of 5  
task35 armadillo ollidamra          : 5   of 5  
task35 t hiht                       : 0   of 5  
task35 tig                          : 5   of 5  
task35 t	igit                       : 0   of 5  
task35 asdfasdfasdfasdfasdffdsafdsafdsafdsafdsaG : 5   of 5  
-------------------------------------------------
CS240 - Midterm 1: task35. dhar1 Fri Feb 10 08:26:49 EST 2017  Total:  35 of 50



-------------------------------------------------
CS240 Midterm 1: task35. dhar1   
Fri Feb 10 08:27:30 EST 2017
-------------------------------------------------
task35 t                            : 5   of 5  
task35 ttt                          : 5   of 5  
task35 tight                        : 5   of 5  
task35 racecar                      : 5   of 5  
task35 are we not drawn onward we few drawn onward to new era : 5   of 5  
task35 armadillo ollidamra          : 5   of 5  
task35 t hiht                       : 5   of 5  
task35 tig                          : 5   of 5  
task35 t	igit                       : 5   of 5  
task35 asdfasdfasdfasdfasdffdsafdsafdsafdsafdsaG : 5   of 5  
-------------------------------------------------
CS240 - Midterm 1: task35. dhar1 Fri Feb 10 08:27:30 EST 2017  Total:  50 of 50



-------------------------------------------------
CS240 Midterm 1: task35. dhar1   
Fri Feb 10 08:30:46 EST 2017
-------------------------------------------------
task35 t                            : 0   of 5  
task35 ttt                          : 0   of 5  
task35 tight                        : 0   of 5  
task35 racecar                      : 0   of 5  
task35 are we not drawn onward we few drawn onward to new era : 0   of 5  
task35 armadillo ollidamra          : 0   of 5  
task35 t hiht                       : 0   of 5  
task35 tig                          : 0   of 5  
task35 t	igit                       : 0   of 5  
task35 asdfasdfasdfasdfasdffdsafdsafdsafdsafdsaG : 0   of 5  
-------------------------------------------------
CS240 - Midterm 1: task35. dhar1 Fri Feb 10 08:30:46 EST 2017  Total:  0 of 50



-------------------------------------------------
CS240 Midterm 1: task35. dhar1   
Fri Feb 10 08:31:23 EST 2017
-------------------------------------------------
task35 t                            : 5   of 5  
task35 ttt                          : 5   of 5  
task35 tight                        : 5   of 5  
task35 racecar                      : 5   of 5  
task35 are we not drawn onward we few drawn onward to new era : 5   of 5  
task35 armadillo ollidamra          : 5   of 5  
task35 t hiht                       : 5   of 5  
task35 tig                          : 5   of 5  
task35 t	igit                       : 5   of 5  
task35 asdfasdfasdfasdfasdffdsafdsafdsafdsafdsaG : 5   of 5  
-------------------------------------------------
CS240 - Midterm 1: task35. dhar1 Fri Feb 10 08:31:23 EST 2017  Total:  50 of 50



-------------------------------------------------
CS240 Midterm 1: task35. dhar1   
Sat Sep 16 17:59:13 EDT 2017
-------------------------------------------------
task35 t                            : 5   of 5  
task35 ttt                          : 5   of 5  
task35 tight                        : 5   of 5  
task35 racecar                      : 5   of 5  
task35 are we not drawn onward we few drawn onward to new era : 5   of 5  
task35 armadillo ollidamra          : 5   of 5  
task35 t hiht                       : 5   of 5  
task35 tig                          : 5   of 5  
task35 t	igit                       : 5   of 5  
task35 asdfasdfasdfasdfasdffdsafdsafdsafdsafdsaG : 5   of 5  
-------------------------------------------------
CS240 - Midterm 1: task35. dhar1 Sat Sep 16 17:59:13 EDT 2017  Total:  50 of 50

