mprotect(0x600000, 4096, PROT_READ)     = 0
^^^^syscall^^^^
mprotect(0x7fd7d3fac000, 4096, PROT_READ) = 0
^^^^syscall^^^^
munmap(0x7fd7d3f91000, 108522)          = 0
^^^^syscall^^^^
write(1, "Hello World without syscall\n", 28) = 28
^^^^write^^^^
write(1, "Hello World with syscall\n", 25) = 25
^^^^write^^^^ and ^^^^syscall^^^^
fstat(1, {st_mode=S_IFCHR|0620, st_rdev=makedev(136, 1), ...}) = 0
^^^^syscall^^^^
brk(NULL)                               = 0xd12000
^^^^syscall^^^^
brk(0xd33000)                           = 0xd33000
^^^^syscall^^^^
write(1, "Hello World with printf\n", 24) = 24
^^^^write^^^^ and ^^^^printf^^^^
exit_group(24)                          = ?
^^^^syscall^^^^


