

-------------------------------------------------
CS240: Lab 2b. cs240   
Sat Aug 29 15:19:08 EDT 2015
-------------------------------------------------
test_mystring test1                 : 0   of 3  
test_mystring test2                 : 0   of 3  
test_mystring test3                 : 0   of 3  
test_mystring test4                 : 0   of 3  
test_mystring test5                 : 0   of 3  
test_mystring test6                 : 0   of 3  
test_mystring test7                 : 0   of 3  
-------------------------------------------------
CS240: Lab 2b. cs240 Sat Aug 29 15:19:08 EDT 2015  Total:  0 of 21



-------------------------------------------------
CS240: Lab 2b. cs240   
Sat Aug 29 15:25:50 EDT 2015
-------------------------------------------------
test_mystring test1                 : 3   of 3  
test_mystring test2                 : 3   of 3  
test_mystring test3                 : 3   of 3  
test_mystring test4                 : 3   of 3  
test_mystring test5                 : 3   of 3  
test_mystring test6                 : 3   of 3  
test_mystring test7                 : 3   of 3  
-------------------------------------------------
CS240: Lab 2b. cs240 Sat Aug 29 15:25:50 EDT 2015  Total:  21 of 21



-------------------------------------------------
CS240: Lab 2b. cs240   
Sat Aug 29 15:26:57 EDT 2015
-------------------------------------------------
test_mystring test1                 : 3   of 3  
test_mystring test2                 : 3   of 3  
test_mystring test3                 : 3   of 3  
test_mystring test4                 : 3   of 3  
test_mystring test5                 : 3   of 3  
test_mystring test6                 : 3   of 3  
test_mystring test7                 : 3   of 3  
-------------------------------------------------
CS240: Lab 2b. cs240 Sat Aug 29 15:26:57 EDT 2015  Total:  21 of 21



-------------------------------------------------
CS240: Lab 2b. cs240   
Sat Aug 29 15:27:45 EDT 2015
-------------------------------------------------
test_mystring test1                 : 0   of 3  
test_mystring test2                 : 0   of 3  
test_mystring test3                 : 0   of 3  
test_mystring test4                 : 0   of 3  
test_mystring test5                 : 0   of 3  
test_mystring test6                 : 0   of 3  
test_mystring test7                 : 0   of 3  
-------------------------------------------------
CS240: Lab 2b. cs240 Sat Aug 29 15:27:45 EDT 2015  Total:  0 of 21



-------------------------------------------------
CS240: Lab 2b. cs240   
Sat Aug 29 15:28:05 EDT 2015
-------------------------------------------------
test_mystring test1                 : 0   of 3  
test_mystring test2                 : 0   of 3  
test_mystring test3                 : 0   of 3  
test_mystring test4                 : 0   of 3  
test_mystring test5                 : 0   of 3  
test_mystring test6                 : 0   of 3  
test_mystring test7                 : 0   of 3  
-------------------------------------------------
CS240: Lab 2b. cs240 Sat Aug 29 15:28:05 EDT 2015  Total:  0 of 21



-------------------------------------------------
CS240: Lab 2. dhar1   
Tue Jan 24 19:40:26 EST 2017
-------------------------------------------------
test_mystring test1                 : 0   of 3  
test_mystring test2                 : 0   of 3  
test_mystring test3                 : 0   of 3  
test_mystring test4                 : 0   of 3  
test_mystring test5                 : 0   of 3  
test_mystring test6                 : 0   of 3  
test_mystring test7                 : 0   of 3  
-------------------------------------------------
CS240: Lab 2. dhar1 Tue Jan 24 19:40:26 EST 2017  Total:  0 of 21



-------------------------------------------------
CS240: Lab 2. dhar1   
Tue Jan 24 19:43:19 EST 2017
-------------------------------------------------
test_mystring test1                 : 3   of 3  
test_mystring test2                 : 0   of 3  
test_mystring test3                 : 0   of 3  
test_mystring test4                 : 0   of 3  
test_mystring test5                 : 0   of 3  
test_mystring test6                 : 0   of 3  
test_mystring test7                 : 0   of 3  
-------------------------------------------------
CS240: Lab 2. dhar1 Tue Jan 24 19:43:19 EST 2017  Total:  3 of 21



-------------------------------------------------
CS240: Lab 2. dhar1   
Tue Jan 24 19:47:35 EST 2017
-------------------------------------------------
test_mystring test1                 : 3   of 3  
test_mystring test2                 : 0   of 3  
test_mystring test3                 : 0   of 3  
test_mystring test4                 : 0   of 3  
test_mystring test5                 : 0   of 3  
test_mystring test6                 : 0   of 3  
test_mystring test7                 : 0   of 3  
-------------------------------------------------
CS240: Lab 2. dhar1 Tue Jan 24 19:47:35 EST 2017  Total:  3 of 21



-------------------------------------------------
CS240: Lab 2. dhar1   
Tue Jan 24 19:48:08 EST 2017
-------------------------------------------------
test_mystring test1                 : 3   of 3  
test_mystring test2                 : 0   of 3  
test_mystring test3                 : 0   of 3  
test_mystring test4                 : 0   of 3  
test_mystring test5                 : 0   of 3  
test_mystring test6                 : 0   of 3  
test_mystring test7                 : 0   of 3  
-------------------------------------------------
CS240: Lab 2. dhar1 Tue Jan 24 19:48:08 EST 2017  Total:  3 of 21



-------------------------------------------------
CS240: Lab 2. dhar1   
Tue Jan 24 19:49:43 EST 2017
-------------------------------------------------
test_mystring test1                 : 3   of 3  
test_mystring test2                 : 0   of 3  
test_mystring test3                 : 0   of 3  
test_mystring test4                 : 0   of 3  
test_mystring test5                 : 0   of 3  
test_mystring test6                 : 0   of 3  
test_mystring test7                 : 0   of 3  
-------------------------------------------------
CS240: Lab 2. dhar1 Tue Jan 24 19:49:43 EST 2017  Total:  3 of 21



-------------------------------------------------
CS240: Lab 2. dhar1   
Tue Jan 24 19:52:43 EST 2017
-------------------------------------------------
test_mystring test1                 : 3   of 3  
test_mystring test2                 : 3   of 3  
test_mystring test3                 : 0   of 3  
test_mystring test4                 : 0   of 3  
test_mystring test5                 : 0   of 3  
test_mystring test6                 : 0   of 3  
test_mystring test7                 : 0   of 3  
-------------------------------------------------
CS240: Lab 2. dhar1 Tue Jan 24 19:52:43 EST 2017  Total:  6 of 21



-------------------------------------------------
CS240: Lab 2. dhar1   
Tue Jan 24 20:32:26 EST 2017
-------------------------------------------------
test_mystring test1                 : 3   of 3  
test_mystring test2                 : 3   of 3  
test_mystring test3                 : 0   of 3  
test_mystring test4                 : 0   of 3  
test_mystring test5                 : 0   of 3  
test_mystring test6                 : 0   of 3  
test_mystring test7                 : 0   of 3  
-------------------------------------------------
CS240: Lab 2. dhar1 Tue Jan 24 20:32:26 EST 2017  Total:  6 of 21



-------------------------------------------------
CS240: Lab 2. dhar1   
Tue Jan 24 20:35:40 EST 2017
-------------------------------------------------
test_mystring test1                 : 3   of 3  
test_mystring test2                 : 3   of 3  
test_mystring test3                 : 3   of 3  
test_mystring test4                 : 0   of 3  
test_mystring test5                 : 0   of 3  
test_mystring test6                 : 0   of 3  
test_mystring test7                 : 0   of 3  
-------------------------------------------------
CS240: Lab 2. dhar1 Tue Jan 24 20:35:40 EST 2017  Total:  9 of 21



-------------------------------------------------
CS240: Lab 2. dhar1   
Tue Jan 24 20:36:46 EST 2017
-------------------------------------------------
test_mystring test1                 : 3   of 3  
test_mystring test2                 : 3   of 3  
test_mystring test3                 : 0   of 3  
test_mystring test4                 : 0   of 3  
test_mystring test5                 : 0   of 3  
test_mystring test6                 : 0   of 3  
test_mystring test7                 : 0   of 3  
-------------------------------------------------
CS240: Lab 2. dhar1 Tue Jan 24 20:36:46 EST 2017  Total:  6 of 21



-------------------------------------------------
CS240: Lab 2. dhar1   
Tue Jan 24 20:37:11 EST 2017
-------------------------------------------------
test_mystring test1                 : 3   of 3  
test_mystring test2                 : 3   of 3  
test_mystring test3                 : 3   of 3  
test_mystring test4                 : 0   of 3  
test_mystring test5                 : 0   of 3  
test_mystring test6                 : 0   of 3  
test_mystring test7                 : 0   of 3  
-------------------------------------------------
CS240: Lab 2. dhar1 Tue Jan 24 20:37:11 EST 2017  Total:  9 of 21



-------------------------------------------------
CS240: Lab 2. dhar1   
Tue Jan 24 20:43:27 EST 2017
-------------------------------------------------
test_mystring test1                 : 3   of 3  
test_mystring test2                 : 3   of 3  
test_mystring test3                 : 3   of 3  
test_mystring test4                 : 0   of 3  
test_mystring test5                 : 0   of 3  
test_mystring test6                 : 0   of 3  
test_mystring test7                 : 0   of 3  
-------------------------------------------------
CS240: Lab 2. dhar1 Tue Jan 24 20:43:27 EST 2017  Total:  9 of 21



-------------------------------------------------
CS240: Lab 2. dhar1   
Tue Jan 24 20:44:00 EST 2017
-------------------------------------------------
test_mystring test1                 : 3   of 3  
test_mystring test2                 : 3   of 3  
test_mystring test3                 : 3   of 3  
test_mystring test4                 : 0   of 3  
test_mystring test5                 : 0   of 3  
test_mystring test6                 : 0   of 3  
test_mystring test7                 : 0   of 3  
-------------------------------------------------
CS240: Lab 2. dhar1 Tue Jan 24 20:44:00 EST 2017  Total:  9 of 21



-------------------------------------------------
CS240: Lab 2. dhar1   
Tue Jan 24 20:47:56 EST 2017
-------------------------------------------------
test_mystring test1                 : 3   of 3  
test_mystring test2                 : 3   of 3  
test_mystring test3                 : 3   of 3  
test_mystring test4                 : 0   of 3  
test_mystring test5                 : 0   of 3  
test_mystring test6                 : 0   of 3  
test_mystring test7                 : 0   of 3  
-------------------------------------------------
CS240: Lab 2. dhar1 Tue Jan 24 20:47:56 EST 2017  Total:  9 of 21



-------------------------------------------------
CS240: Lab 2. dhar1   
Tue Jan 24 20:51:21 EST 2017
-------------------------------------------------
test_mystring test1                 : 3   of 3  
test_mystring test2                 : 3   of 3  
test_mystring test3                 : 3   of 3  
test_mystring test4                 : 0   of 3  
test_mystring test5                 : 0   of 3  
test_mystring test6                 : 0   of 3  
test_mystring test7                 : 0   of 3  
-------------------------------------------------
CS240: Lab 2. dhar1 Tue Jan 24 20:51:21 EST 2017  Total:  9 of 21



-------------------------------------------------
CS240: Lab 2. dhar1   
Tue Jan 24 21:00:24 EST 2017
-------------------------------------------------
test_mystring test1                 : 3   of 3  
test_mystring test2                 : 3   of 3  
test_mystring test3                 : 3   of 3  
test_mystring test4                 : 0   of 3  
test_mystring test5                 : 0   of 3  
test_mystring test6                 : 0   of 3  
test_mystring test7                 : 0   of 3  
-------------------------------------------------
CS240: Lab 2. dhar1 Tue Jan 24 21:00:24 EST 2017  Total:  9 of 21



-------------------------------------------------
CS240: Lab 2. dhar1   
Tue Jan 24 21:06:08 EST 2017
-------------------------------------------------
test_mystring test1                 : 3   of 3  
test_mystring test2                 : 3   of 3  
test_mystring test3                 : 3   of 3  
test_mystring test4                 : 3   of 3  
test_mystring test5                 : 0   of 3  
test_mystring test6                 : 0   of 3  
test_mystring test7                 : 0   of 3  
-------------------------------------------------
CS240: Lab 2. dhar1 Tue Jan 24 21:06:08 EST 2017  Total:  12 of 21



-------------------------------------------------
CS240: Lab 2. dhar1   
Tue Jan 24 21:20:34 EST 2017
-------------------------------------------------
test_mystring test1                 : 3   of 3  
test_mystring test2                 : 3   of 3  
test_mystring test3                 : 3   of 3  
test_mystring test4                 : 3   of 3  
test_mystring test5                 : 0   of 3  
test_mystring test6                 : 0   of 3  
test_mystring test7                 : 0   of 3  
-------------------------------------------------
CS240: Lab 2. dhar1 Tue Jan 24 21:20:34 EST 2017  Total:  12 of 21



-------------------------------------------------
CS240: Lab 2. dhar1   
Tue Jan 24 22:31:24 EST 2017
-------------------------------------------------
test_mystring test1                 : 3   of 3  
test_mystring test2                 : 3   of 3  
test_mystring test3                 : 3   of 3  
test_mystring test4                 : 3   of 3  
test_mystring test5                 : 0   of 3  
test_mystring test6                 : 0   of 3  
test_mystring test7                 : 0   of 3  
-------------------------------------------------
CS240: Lab 2. dhar1 Tue Jan 24 22:31:24 EST 2017  Total:  12 of 21



-------------------------------------------------
CS240: Lab 2. dhar1   
Tue Jan 24 22:57:54 EST 2017
-------------------------------------------------
test_mystring test1                 : 3   of 3  
test_mystring test2                 : 3   of 3  
test_mystring test3                 : 3   of 3  
test_mystring test4                 : 3   of 3  
test_mystring test5                 : 0   of 3  
test_mystring test6                 : 0   of 3  
test_mystring test7                 : 0   of 3  
-------------------------------------------------
CS240: Lab 2. dhar1 Tue Jan 24 22:57:54 EST 2017  Total:  12 of 21



-------------------------------------------------
CS240: Lab 2. dhar1   
Wed Jan 25 18:45:42 EST 2017
-------------------------------------------------
test_mystring test1                 : 3   of 3  
test_mystring test2                 : 3   of 3  
test_mystring test3                 : 3   of 3  
test_mystring test4                 : 3   of 3  
test_mystring test5                 : 0   of 3  
test_mystring test6                 : 0   of 3  
test_mystring test7                 : 0   of 3  
-------------------------------------------------
CS240: Lab 2. dhar1 Wed Jan 25 18:45:42 EST 2017  Total:  12 of 21



-------------------------------------------------
CS240: Lab 2. dhar1   
Thu Jan 26 13:33:38 EST 2017
-------------------------------------------------
test_mystring test1                 : 3   of 3  
test_mystring test2                 : 3   of 3  
test_mystring test3                 : 3   of 3  
test_mystring test4                 : 3   of 3  
test_mystring test5                 : 0   of 3  
test_mystring test6                 : 0   of 3  
test_mystring test7                 : 0   of 3  
-------------------------------------------------
CS240: Lab 2. dhar1 Thu Jan 26 13:33:38 EST 2017  Total:  12 of 21



-------------------------------------------------
CS240: Lab 2. dhar1   
Thu Jan 26 13:40:19 EST 2017
-------------------------------------------------
test_mystring test1                 : 3   of 3  
test_mystring test2                 : 3   of 3  
test_mystring test3                 : 3   of 3  
test_mystring test4                 : 3   of 3  
test_mystring test5                 : 0   of 3  
test_mystring test6                 : 3   of 3  
test_mystring test7                 : 0   of 3  
-------------------------------------------------
CS240: Lab 2. dhar1 Thu Jan 26 13:40:19 EST 2017  Total:  15 of 21



-------------------------------------------------
CS240: Lab 2. dhar1   
Thu Jan 26 13:50:28 EST 2017
-------------------------------------------------
test_mystring test1                 : 3   of 3  
test_mystring test2                 : 3   of 3  
test_mystring test3                 : 3   of 3  
test_mystring test4                 : 3   of 3  
test_mystring test5                 : 0   of 3  
test_mystring test6                 : 3   of 3  
test_mystring test7                 : 3   of 3  
-------------------------------------------------
CS240: Lab 2. dhar1 Thu Jan 26 13:50:28 EST 2017  Total:  18 of 21



-------------------------------------------------
CS240: Lab 2. dhar1   
Thu Jan 26 14:00:28 EST 2017
-------------------------------------------------
test_mystring test1                 : 3   of 3  
test_mystring test2                 : 3   of 3  
test_mystring test3                 : 3   of 3  
test_mystring test4                 : 3   of 3  
test_mystring test5                 : 3   of 3  
test_mystring test6                 : 3   of 3  
test_mystring test7                 : 3   of 3  
-------------------------------------------------
CS240: Lab 2. dhar1 Thu Jan 26 14:00:28 EST 2017  Total:  21 of 21



-------------------------------------------------
CS240: Lab 2. dhar1   
Thu Jan 26 14:01:00 EST 2017
-------------------------------------------------
test_mystring test1                 : 3   of 3  
test_mystring test2                 : 3   of 3  
test_mystring test3                 : 3   of 3  
test_mystring test4                 : 3   of 3  
test_mystring test5                 : 3   of 3  
test_mystring test6                 : 3   of 3  
test_mystring test7                 : 3   of 3  
-------------------------------------------------
CS240: Lab 2. dhar1 Thu Jan 26 14:01:00 EST 2017  Total:  21 of 21



-------------------------------------------------
CS240: Lab 2. dhar1   
Thu Jan 26 14:02:41 EST 2017
-------------------------------------------------
test_mystring test1                 : 3   of 3  
test_mystring test2                 : 3   of 3  
test_mystring test3                 : 3   of 3  
test_mystring test4                 : 3   of 3  
test_mystring test5                 : 3   of 3  
test_mystring test6                 : 3   of 3  
test_mystring test7                 : 3   of 3  
-------------------------------------------------
CS240: Lab 2. dhar1 Thu Jan 26 14:02:41 EST 2017  Total:  21 of 21



-------------------------------------------------
CS240: Lab 2. dhar1   
Thu Jan 26 18:34:23 EST 2017
-------------------------------------------------
test_mystring test1                 : 3   of 3  
test_mystring test2                 : 3   of 3  
test_mystring test3                 : 3   of 3  
test_mystring test4                 : 3   of 3  
test_mystring test5                 : 3   of 3  
test_mystring test6                 : 0   of 3  
test_mystring test7                 : 3   of 3  
-------------------------------------------------
CS240: Lab 2. dhar1 Thu Jan 26 18:34:23 EST 2017  Total:  18 of 21



-------------------------------------------------
CS240: Lab 2. dhar1   
Thu Jan 26 18:38:38 EST 2017
-------------------------------------------------
test_mystring test1                 : 3   of 3  
test_mystring test2                 : 3   of 3  
test_mystring test3                 : 3   of 3  
test_mystring test4                 : 3   of 3  
test_mystring test5                 : 3   of 3  
test_mystring test6                 : 0   of 3  
test_mystring test7                 : 3   of 3  
-------------------------------------------------
CS240: Lab 2. dhar1 Thu Jan 26 18:38:38 EST 2017  Total:  18 of 21



-------------------------------------------------
CS240: Lab 2. dhar1   
Thu Jan 26 18:40:06 EST 2017
-------------------------------------------------
test_mystring test1                 : 3   of 3  
test_mystring test2                 : 3   of 3  
test_mystring test3                 : 3   of 3  
test_mystring test4                 : 3   of 3  
test_mystring test5                 : 3   of 3  
test_mystring test6                 : 3   of 3  
test_mystring test7                 : 3   of 3  
-------------------------------------------------
CS240: Lab 2. dhar1 Thu Jan 26 18:40:06 EST 2017  Total:  21 of 21



-------------------------------------------------
CS240: Lab 2. dhar1   
Thu Jan 26 18:40:35 EST 2017
-------------------------------------------------
test_mystring test1                 : 3   of 3  
test_mystring test2                 : 3   of 3  
test_mystring test3                 : 3   of 3  
test_mystring test4                 : 3   of 3  
test_mystring test5                 : 3   of 3  
test_mystring test6                 : 3   of 3  
test_mystring test7                 : 3   of 3  
-------------------------------------------------
CS240: Lab 2. dhar1 Thu Jan 26 18:40:35 EST 2017  Total:  21 of 21



-------------------------------------------------
CS240: Lab 2. dhar1   
Thu Jan 26 19:16:21 EST 2017
-------------------------------------------------
test_mystring test1                 : 3   of 3  
test_mystring test2                 : 3   of 3  
test_mystring test3                 : 3   of 3  
test_mystring test4                 : 3   of 3  
test_mystring test5                 : 3   of 3  
test_mystring test6                 : 3   of 3  
test_mystring test7                 : 3   of 3  
-------------------------------------------------
CS240: Lab 2. dhar1 Thu Jan 26 19:16:21 EST 2017  Total:  21 of 21



-------------------------------------------------
CS240: Lab 2. dhar1   
Thu Jan 26 19:21:03 EST 2017
-------------------------------------------------
test_mystring test1                 : 3   of 3  
test_mystring test2                 : 3   of 3  
test_mystring test3                 : 3   of 3  
test_mystring test4                 : 3   of 3  
test_mystring test5                 : 3   of 3  
test_mystring test6                 : 3   of 3  
test_mystring test7                 : 3   of 3  
-------------------------------------------------
CS240: Lab 2. dhar1 Thu Jan 26 19:21:03 EST 2017  Total:  21 of 21



-------------------------------------------------
CS240: Lab 2. dhar1   
Fri Jan 27 13:42:03 EST 2017
-------------------------------------------------
test_mystring test1                 : 3   of 3  
test_mystring test2                 : 3   of 3  
test_mystring test3                 : 3   of 3  
test_mystring test4                 : 3   of 3  
test_mystring test5                 : 3   of 3  
test_mystring test6                 : 3   of 3  
test_mystring test7                 : 3   of 3  
-------------------------------------------------
CS240: Lab 2. dhar1 Fri Jan 27 13:42:03 EST 2017  Total:  21 of 21



-------------------------------------------------
CS240: Lab 2. dhar1   
Thu Feb  9 05:16:24 EST 2017
-------------------------------------------------
test_mystring test1                 : 3   of 3  
test_mystring test2                 : 3   of 3  
test_mystring test3                 : 3   of 3  
test_mystring test4                 : 3   of 3  
test_mystring test5                 : 3   of 3  
test_mystring test6                 : 3   of 3  
test_mystring test7                 : 3   of 3  
-------------------------------------------------
CS240: Lab 2. dhar1 Thu Feb 9 05:16:24 EST 2017  Total:  21 of 21



-------------------------------------------------
CS240: Lab 2. dhar1   
Thu Feb  9 05:25:34 EST 2017
-------------------------------------------------
test_mystring test1                 : 3   of 3  
test_mystring test2                 : 3   of 3  
test_mystring test3                 : 3   of 3  
test_mystring test4                 : 3   of 3  
test_mystring test5                 : 3   of 3  
test_mystring test6                 : 3   of 3  
test_mystring test7                 : 3   of 3  
-------------------------------------------------
CS240: Lab 2. dhar1 Thu Feb 9 05:25:34 EST 2017  Total:  21 of 21



-------------------------------------------------
CS240: Lab 2. dhar1   
Thu Feb  9 07:57:15 EST 2017
-------------------------------------------------
test_mystring test1                 : 3   of 3  
test_mystring test2                 : 3   of 3  
test_mystring test3                 : 3   of 3  
test_mystring test4                 : 3   of 3  
test_mystring test5                 : 3   of 3  
test_mystring test6                 : 3   of 3  
test_mystring test7                 : 3   of 3  
-------------------------------------------------
CS240: Lab 2. dhar1 Thu Feb 9 07:57:15 EST 2017  Total:  21 of 21



-------------------------------------------------
CS240: Lab 2. dhar1   
Sun Feb 26 01:38:27 EST 2017
-------------------------------------------------
test_mystring test1                 : 3   of 3  
test_mystring test2                 : 3   of 3  
test_mystring test3                 : 3   of 3  
test_mystring test4                 : 3   of 3  
test_mystring test5                 : 0   of 3  
test_mystring test6                 : 3   of 3  
test_mystring test7                 : 3   of 3  
-------------------------------------------------
CS240: Lab 2. dhar1 Sun Feb 26 01:38:27 EST 2017  Total:  18 of 21



-------------------------------------------------
CS240: Lab 2. dhar1   
Sun Feb 26 01:40:08 EST 2017
-------------------------------------------------
test_mystring test1                 : 3   of 3  
test_mystring test2                 : 3   of 3  
test_mystring test3                 : 3   of 3  
test_mystring test4                 : 3   of 3  
test_mystring test5                 : 3   of 3  
test_mystring test6                 : 3   of 3  
test_mystring test7                 : 3   of 3  
-------------------------------------------------
CS240: Lab 2. dhar1 Sun Feb 26 01:40:08 EST 2017  Total:  21 of 21



-------------------------------------------------
CS240: Lab 2. dhar1   
Mon May  1 10:20:26 EDT 2017
-------------------------------------------------
test_mystring test1                 : 3   of 3  
test_mystring test2                 : 3   of 3  
test_mystring test3                 : 3   of 3  
test_mystring test4                 : 3   of 3  
test_mystring test5                 : 3   of 3  
test_mystring test6                 : 3   of 3  
test_mystring test7                 : 3   of 3  
-------------------------------------------------
CS240: Lab 2. dhar1 Mon May 1 10:20:26 EDT 2017  Total:  21 of 21



-------------------------------------------------
CS240: Lab 2. dhar1   
Mon May  1 10:20:48 EDT 2017
-------------------------------------------------
test_mystring test1                 : 3   of 3  
test_mystring test2                 : 3   of 3  
test_mystring test3                 : 3   of 3  
test_mystring test4                 : 3   of 3  
test_mystring test5                 : 3   of 3  
test_mystring test6                 : 3   of 3  
test_mystring test7                 : 3   of 3  
-------------------------------------------------
CS240: Lab 2. dhar1 Mon May 1 10:20:48 EDT 2017  Total:  21 of 21



-------------------------------------------------
CS240: Lab 2. dhar1   
Mon May  1 10:20:50 EDT 2017
-------------------------------------------------
test_mystring test1                 : 3   of 3  
test_mystring test2                 : 3   of 3  
test_mystring test3                 : 3   of 3  
test_mystring test4                 : 3   of 3  
test_mystring test5                 : 3   of 3  
test_mystring test6                 : 3   of 3  
test_mystring test7                 : 3   of 3  
-------------------------------------------------
CS240: Lab 2. dhar1 Mon May 1 10:20:50 EDT 2017  Total:  21 of 21



-------------------------------------------------
CS240: Lab 2. dhar1   
Mon May  1 10:20:56 EDT 2017
-------------------------------------------------
test_mystring test1                 : 3   of 3  
test_mystring test2                 : 3   of 3  
test_mystring test3                 : 3   of 3  
test_mystring test4                 : 3   of 3  
test_mystring test5                 : 3   of 3  
test_mystring test6                 : 3   of 3  
test_mystring test7                 : 3   of 3  
-------------------------------------------------
CS240: Lab 2. dhar1 Mon May 1 10:20:56 EDT 2017  Total:  21 of 21



-------------------------------------------------
CS240: Lab 2. dhar1   
Mon May  1 10:21:25 EDT 2017
-------------------------------------------------
test_mystring test1                 : 3   of 3  
test_mystring test2                 : 3   of 3  
test_mystring test3                 : 3   of 3  
test_mystring test4                 : 3   of 3  
test_mystring test5                 : 3   of 3  
test_mystring test6                 : 3   of 3  
test_mystring test7                 : 0   of 3  
-------------------------------------------------
CS240: Lab 2. dhar1 Mon May 1 10:21:25 EDT 2017  Total:  18 of 21



-------------------------------------------------
CS240: Lab 2. dhar1   
Mon May  1 10:21:36 EDT 2017
-------------------------------------------------
test_mystring test1                 : 3   of 3  
test_mystring test2                 : 3   of 3  
test_mystring test3                 : 3   of 3  
test_mystring test4                 : 3   of 3  
test_mystring test5                 : 3   of 3  
test_mystring test6                 : 3   of 3  
test_mystring test7                 : 3   of 3  
-------------------------------------------------
CS240: Lab 2. dhar1 Mon May 1 10:21:36 EDT 2017  Total:  21 of 21



-------------------------------------------------
CS240: Lab 2. dhar1   
Mon May  1 10:25:23 EDT 2017
-------------------------------------------------
test_mystring test1                 : 3   of 3  
test_mystring test2                 : 3   of 3  
test_mystring test3                 : 3   of 3  
test_mystring test4                 : 3   of 3  
test_mystring test5                 : 3   of 3  
test_mystring test6                 : 3   of 3  
test_mystring test7                 : 3   of 3  
-------------------------------------------------
CS240: Lab 2. dhar1 Mon May 1 10:25:23 EDT 2017  Total:  21 of 21

