CS240: Exam2. cs240 Sun Oct 18 21:19:21 EDT 2015  Total:  0 of 20
0
20
CS240: Exam2. cs240 Sun Oct 18 21:20:20 EDT 2015  Total:  20 of 20
20
20
CS240: Exam2. cs240 Sun Oct 18 21:20:42 EDT 2015  Total:  20 of 20
20
20
CS240: Exam2. cs240 Mon Oct 19 02:25:22 EDT 2015  Total:  20 of 20
20
20
CS240: Exam2. cs240 Mon Oct 19 02:28:29 EDT 2015  Total:  20 of 20
20
20
CS240: Exam2. cs240 Mon Oct 19 04:44:10 EDT 2015  Total:  0 of 20
0
20
CS240: Exam2. cs240 Mon Oct 19 04:44:20 EDT 2015  Total:  0 of 20
0
20
CS240: Exam2. cs240 Mon Oct 19 04:48:00 EDT 2015  Total:  0 of 20
0
20
CS240: Exam2. cs240 Mon Oct 19 04:53:57 EDT 2015  Total:  0 of 20
0
20
CS240: Exam2. cs240 Mon Oct 19 12:58:22 EDT 2015  Total:  0 of 20
0
20
CS240: Exam2. cs240 Mon Mar 6 22:13:35 EST 2017  Total:  0 of 20
0
20
CS240: Exam2. dhar1 Mon Mar 20 22:24:59 EDT 2017  Total:  0 of 20
0
20
CS240: Exam2. dhar1 Tue Mar 21 02:31:36 EDT 2017  Total:  0 of 20
0
20
CS240: Exam2. dhar1 Tue Mar 21 14:17:49 EDT 2017  Total:  0 of 20
0
20
CS240: Exam2. dhar1 Tue Mar 21 17:52:48 EDT 2017  Total:  0 of 20
0
20
CS240: Exam2. dhar1 Tue Mar 21 19:01:44 EDT 2017  Total:  0 of 20
0
20
CS240: Exam2. dhar1 Tue Mar 21 19:32:24 EDT 2017  Total:  0 of 20
0
20
CS240: Exam2. dhar1 Tue Mar 21 21:55:09 EDT 2017  Total:  0 of 20
0
20
CS240: Exam2. dhar1 Tue Mar 21 21:57:05 EDT 2017  Total:  0 of 20
0
20
CS240: Exam2. dhar1 Tue Mar 21 21:59:19 EDT 2017  Total:  7 of 20
7
20
CS240: Exam2. dhar1 Tue Mar 21 22:04:57 EDT 2017  Total:  7 of 20
7
20
CS240: Exam2. dhar1 Tue Mar 21 22:09:24 EDT 2017  Total:  7 of 20
7
20
CS240: Exam2. dhar1 Tue Mar 21 22:09:33 EDT 2017  Total:  7 of 20
7
20
CS240: Exam2. dhar1 Tue Mar 21 22:10:04 EDT 2017  Total:  20 of 20
20
20
CS240: Exam2. dhar1 Tue Mar 21 22:12:22 EDT 2017  Total:  20 of 20
20
20
CS240: Exam2. dhar1 Thu Mar 23 03:18:49 EDT 2017  Total:  20 of 20
20
20
CS240: Exam2. dhar1 Thu Mar 23 23:35:56 EDT 2017  Total:  0 of 20
0
20
CS240: Exam2. dhar1 Thu Mar 23 23:36:33 EDT 2017  Total:  0 of 20
0
20
CS240: Exam2. dhar1 Thu Mar 23 23:37:12 EDT 2017  Total:  7 of 20
7
20
CS240: Exam2. dhar1 Thu Mar 23 23:38:32 EDT 2017  Total:  7 of 20
7
20
CS240: Exam2. dhar1 Thu Mar 23 23:40:01 EDT 2017  Total:  7 of 20
7
20
CS240: Exam2. dhar1 Thu Mar 23 23:40:53 EDT 2017  Total:  7 of 20
7
20
CS240: Exam2. dhar1 Thu Mar 23 23:42:39 EDT 2017  Total:  7 of 20
7
20
CS240: Exam2. dhar1 Thu Mar 23 23:43:22 EDT 2017  Total:  20 of 20
20
20
CS240: Exam2. dhar1 Thu Mar 23 23:50:42 EDT 2017  Total:  7 of 20
7
20
CS240: Exam2. dhar1 Thu Mar 23 23:54:03 EDT 2017  Total:  20 of 20
20
20
CS240: Exam2. dhar1 Fri Mar 24 00:00:15 EDT 2017  Total:  20 of 20
20
20
CS240: Exam2. dhar1 Fri Mar 24 00:00:18 EDT 2017  Total:  20 of 20
20
20
CS240: Exam2. dhar1 Fri Mar 24 00:00:39 EDT 2017  Total:  7 of 20
7
20
CS240: Exam2. dhar1 Fri Mar 24 00:01:01 EDT 2017  Total:  20 of 20
20
20
CS240: Exam2. dhar1 Fri Mar 24 11:54:14 EDT 2017  Total:  20 of 20
20
20
CS240: Exam2. dhar1 Fri Mar 24 12:00:51 EDT 2017  Total:  20 of 20
20
20
CS240: Exam2. dhar1 Fri Mar 24 12:43:32 EDT 2017  Total:  20 of 20
20
20
