CS240: Exam2. pheldrin Thu Oct 15 21:29:55 EDT 2015  Total:  0 of 16
0
16
CS240: Exam2. pheldrin Thu Oct 15 21:30:09 EDT 2015  Total:  0 of 24
0
24
CS240: Exam2. pheldrin Thu Oct 15 21:41:39 EDT 2015  Total:  0 of 24
0
24
CS240: Exam2. pheldrin Thu Oct 15 21:42:30 EDT 2015  Total:  24 of 24
24
24
CS240: Exam2. pheldrin Thu Oct 15 21:44:20 EDT 2015  Total:  24 of 24
24
24
CS240: Exam2. pheldrin Thu Oct 15 21:49:11 EDT 2015  Total:  24 of 24
24
24
CS240: Exam2. pheldrin Thu Oct 15 21:49:42 EDT 2015  Total:  24 of 24
24
24
CS240: Exam2. pheldrin Thu Oct 15 21:51:26 EDT 2015  Total:  24 of 24
24
24
CS240: Exam2. pheldrin Thu Oct 15 21:51:59 EDT 2015  Total:  24 of 24
24
24
CS240: Exam2. pheldrin Thu Oct 15 21:53:28 EDT 2015  Total:  24 of 24
24
24
CS240: Exam2. pheldrin Thu Oct 15 21:56:52 EDT 2015  Total:  24 of 24
24
24
CS240: Exam2. pheldrin Fri Oct 16 02:36:21 EDT 2015  Total:  24 of 24
24
24
CS240: Exam2. pheldrin Sun Oct 18 00:27:35 EDT 2015  Total:  24 of 24
24
24
CS240: Exam2. pheldrin Sun Oct 18 19:29:30 EDT 2015  Total:  24 of 24
24
24
CS240: Exam2. pheldrin Sun Oct 18 19:33:00 EDT 2015  Total:  24 of 24
24
24
CS240: Exam2. pheldrin Sun Oct 18 19:39:34 EDT 2015  Total:  24 of 24
24
24
CS240: Exam2. pheldrin Sun Oct 18 19:41:04 EDT 2015  Total:  24 of 24
24
24
CS240: Exam2. pheldrin Mon Oct 19 00:08:21 EDT 2015  Total:  24 of 24
24
24
CS240: Exam2. cs240 Mon Oct 19 02:25:22 EDT 2015  Total:  24 of 24
24
24
CS240: Exam2. cs240 Mon Oct 19 02:26:33 EDT 2015  Total:  28 of 28
28
28
CS240: Exam2. cs240 Mon Oct 19 02:26:46 EDT 2015  Total:  30 of 30
30
30
CS240: Exam2. cs240 Mon Oct 19 02:28:28 EDT 2015  Total:  30 of 30
30
30
CS240: Exam2. cs240 Mon Oct 19 04:42:09 EDT 2015  Total:  0 of 30
0
30
CS240: Exam2. cs240 Mon Oct 19 04:44:19 EDT 2015  Total:  0 of 30
0
30
CS240: Exam2. cs240 Mon Oct 19 04:48:00 EDT 2015  Total:  0 of 30
0
30
CS240: Exam2. cs240 Mon Oct 19 04:53:56 EDT 2015  Total:  0 of 30
0
30
CS240: Exam2. cs240 Mon Oct 19 12:58:00 EDT 2015  Total:  0 of 30
0
30
CS240: Exam2. cs240 Mon Mar 6 22:13:34 EST 2017  Total:  0 of 30
0
30
CS240: Exam2. dhar1 Mon Mar 20 22:24:58 EDT 2017  Total:  0 of 30
0
30
CS240: Exam2. dhar1 Tue Mar 21 02:31:35 EDT 2017  Total:  0 of 30
0
30
CS240: Exam2. dhar1 Tue Mar 21 13:54:56 EDT 2017  Total:  0 of 30
0
30
CS240: Exam2. dhar1 Tue Mar 21 13:56:23 EDT 2017  Total:  0 of 30
0
30
CS240: Exam2. dhar1 Tue Mar 21 13:57:21 EDT 2017  Total:  0 of 30
0
30
CS240: Exam2. dhar1 Tue Mar 21 13:57:47 EDT 2017  Total:  7 of 30
7
30
CS240: Exam2. dhar1 Tue Mar 21 14:02:11 EDT 2017  Total:  7 of 30
7
30
CS240: Exam2. dhar1 Tue Mar 21 14:02:43 EDT 2017  Total:  7 of 30
7
30
CS240: Exam2. dhar1 Tue Mar 21 14:08:30 EDT 2017  Total:  14 of 30
14
30
CS240: Exam2. dhar1 Tue Mar 21 14:08:48 EDT 2017  Total:  7 of 30
7
30
CS240: Exam2. dhar1 Tue Mar 21 14:08:57 EDT 2017  Total:  14 of 30
14
30
CS240: Exam2. dhar1 Tue Mar 21 14:11:49 EDT 2017  Total:  22 of 30
22
30
CS240: Exam2. dhar1 Tue Mar 21 14:17:13 EDT 2017  Total:  30 of 30
30
30
CS240: Exam2. dhar1 Tue Mar 21 14:17:48 EDT 2017  Total:  30 of 30
30
30
CS240: Exam2. dhar1 Tue Mar 21 22:12:22 EDT 2017  Total:  30 of 30
30
30
CS240: Exam2. dhar1 Thu Mar 23 03:18:49 EDT 2017  Total:  30 of 30
30
30
CS240: Exam2. dhar1 Fri Mar 24 12:43:32 EDT 2017  Total:  30 of 30
30
30
