CS240: Exam2. pheldrin Fri Oct 16 02:35:47 EDT 2015  Total:  24 of 24
24
24
CS240: Exam2. pheldrin Fri Oct 16 02:36:21 EDT 2015  Total:  24 of 24
24
24
CS240: Exam2. pheldrin Fri Oct 16 02:36:43 EDT 2015  Total:  24 of 24
24
24
CS240: Exam2. pheldrin Sun Oct 18 00:27:35 EDT 2015  Total:  24 of 24
24
24
CS240: Exam2. pheldrin Sun Oct 18 16:37:54 EDT 2015  Total:  24 of 24
24
24
CS240: Exam2. pheldrin Sun Oct 18 16:38:34 EDT 2015  Total:  24 of 24
24
24
CS240: Exam2. pheldrin Sun Oct 18 16:38:55 EDT 2015  Total:  24 of 24
24
24
CS240: Exam2. pheldrin Sun Oct 18 16:39:20 EDT 2015  Total:  24 of 24
24
24
CS240: Exam2. pheldrin Sun Oct 18 16:39:38 EDT 2015  Total:  24 of 24
24
24
CS240: Exam2. pheldrin Sun Oct 18 17:36:05 EDT 2015  Total:  24 of 24
24
24
CS240: Exam2. pheldrin Sun Oct 18 19:29:30 EDT 2015  Total:  24 of 24
24
24
CS240: Exam2. pheldrin Sun Oct 18 19:41:04 EDT 2015  Total:  24 of 24
24
24
CS240: Exam2. pheldrin Mon Oct 19 00:08:22 EDT 2015  Total:  24 of 24
24
24
CS240: Exam2. cs240 Mon Oct 19 02:25:22 EDT 2015  Total:  24 of 24
24
24
CS240: Exam2. cs240 Mon Oct 19 02:27:00 EDT 2015  Total:  24 of 24
24
24
CS240: Exam2. cs240 Mon Oct 19 02:27:09 EDT 2015  Total:  26 of 26
26
26
CS240: Exam2. cs240 Mon Oct 19 02:27:34 EDT 2015  Total:  30 of 30
30
30
CS240: Exam2. cs240 Mon Oct 19 02:27:53 EDT 2015  Total:  30 of 30
30
30
CS240: Exam2. cs240 Mon Oct 19 02:28:29 EDT 2015  Total:  20 of 20
20
20
CS240: Exam2. cs240 Mon Oct 19 04:35:36 EDT 2015  Total:  20 of 20
20
20
CS240: Exam2. cs240 Mon Oct 19 04:43:03 EDT 2015  Total:  0 of 20
0
20
CS240: Exam2. cs240 Mon Oct 19 04:44:19 EDT 2015  Total:  0 of 20
0
20
CS240: Exam2. cs240 Mon Oct 19 04:48:00 EDT 2015  Total:  0 of 20
0
20
CS240: Exam2. cs240 Mon Oct 19 04:53:57 EDT 2015  Total:  0 of 20
0
20
CS240: Exam2. cs240 Mon Oct 19 12:58:09 EDT 2015  Total:  0 of 20
0
20
CS240: Exam2. cs240 Mon Mar 6 22:13:34 EST 2017  Total:  0 of 20
0
20
CS240: Exam2. dhar1 Mon Mar 20 22:24:59 EDT 2017  Total:  0 of 20
0
20
CS240: Exam2. dhar1 Tue Mar 21 02:31:36 EDT 2017  Total:  0 of 20
0
20
CS240: Exam2. dhar1 Tue Mar 21 14:17:49 EDT 2017  Total:  0 of 20
0
20
CS240: Exam2. dhar1 Tue Mar 21 22:12:22 EDT 2017  Total:  0 of 20
0
20
CS240: Exam2. dhar1 Wed Mar 22 00:32:53 EDT 2017  Total:  5 of 20
5
20
CS240: Exam2. dhar1 Thu Mar 23 01:29:18 EDT 2017  Total:  10 of 20
10
20
CS240: Exam2. dhar1 Thu Mar 23 01:41:39 EDT 2017  Total:  15 of 20
15
20
CS240: Exam2. dhar1 Thu Mar 23 01:41:58 EDT 2017  Total:  10 of 20
10
20
CS240: Exam2. dhar1 Thu Mar 23 01:42:54 EDT 2017  Total:  10 of 20
10
20
CS240: Exam2. dhar1 Thu Mar 23 02:53:30 EDT 2017  Total:  15 of 20
15
20
CS240: Exam2. dhar1 Thu Mar 23 02:54:10 EDT 2017  Total:  15 of 20
15
20
CS240: Exam2. dhar1 Thu Mar 23 02:54:13 EDT 2017  Total:  15 of 20
15
20
CS240: Exam2. dhar1 Thu Mar 23 02:55:06 EDT 2017  Total:  15 of 20
15
20
CS240: Exam2. dhar1 Thu Mar 23 02:56:08 EDT 2017  Total:  15 of 20
15
20
CS240: Exam2. dhar1 Thu Mar 23 03:03:55 EDT 2017  Total:  15 of 20
15
20
CS240: Exam2. dhar1 Thu Mar 23 03:05:13 EDT 2017  Total:  15 of 20
15
20
CS240: Exam2. dhar1 Thu Mar 23 03:05:16 EDT 2017  Total:  15 of 20
15
20
CS240: Exam2. dhar1 Thu Mar 23 03:05:18 EDT 2017  Total:  15 of 20
15
20
CS240: Exam2. dhar1 Thu Mar 23 03:15:00 EDT 2017  Total:  20 of 20
20
20
CS240: Exam2. dhar1 Thu Mar 23 03:15:49 EDT 2017  Total:  20 of 20
20
20
CS240: Exam2. dhar1 Thu Mar 23 03:18:49 EDT 2017  Total:  20 of 20
20
20
CS240: Exam2. dhar1 Fri Mar 24 07:40:02 EDT 2017  Total:  20 of 20
20
20
CS240: Exam2. dhar1 Fri Mar 24 07:45:22 EDT 2017  Total:  20 of 20
20
20
CS240: Exam2. dhar1 Fri Mar 24 07:45:25 EDT 2017  Total:  20 of 20
20
20
CS240: Exam2. dhar1 Fri Mar 24 08:04:52 EDT 2017  Total:  15 of 20
15
20
CS240: Exam2. dhar1 Fri Mar 24 08:05:56 EDT 2017  Total:  15 of 20
15
20
CS240: Exam2. dhar1 Fri Mar 24 08:06:21 EDT 2017  Total:  15 of 20
15
20
CS240: Exam2. dhar1 Fri Mar 24 08:06:41 EDT 2017  Total:  15 of 20
15
20
CS240: Exam2. dhar1 Fri Mar 24 08:17:02 EDT 2017  Total:  15 of 20
15
20
CS240: Exam2. dhar1 Fri Mar 24 08:25:07 EDT 2017  Total:  15 of 20
15
20
CS240: Exam2. dhar1 Fri Mar 24 08:26:35 EDT 2017  Total:  15 of 20
15
20
CS240: Exam2. dhar1 Fri Mar 24 08:29:18 EDT 2017  Total:  15 of 20
15
20
CS240: Exam2. dhar1 Fri Mar 24 08:31:04 EDT 2017  Total:  15 of 20
15
20
CS240: Exam2. dhar1 Fri Mar 24 08:32:26 EDT 2017  Total:  15 of 20
15
20
CS240: Exam2. dhar1 Fri Mar 24 08:32:47 EDT 2017  Total:  15 of 20
15
20
CS240: Exam2. dhar1 Fri Mar 24 08:33:07 EDT 2017  Total:  15 of 20
15
20
CS240: Exam2. dhar1 Fri Mar 24 08:35:10 EDT 2017  Total:  15 of 20
15
20
CS240: Exam2. dhar1 Fri Mar 24 08:35:35 EDT 2017  Total:  15 of 20
15
20
CS240: Exam2. dhar1 Fri Mar 24 08:36:23 EDT 2017  Total:  15 of 20
15
20
CS240: Exam2. dhar1 Fri Mar 24 08:37:39 EDT 2017  Total:  15 of 20
15
20
CS240: Exam2. dhar1 Fri Mar 24 08:38:54 EDT 2017  Total:  15 of 20
15
20
CS240: Exam2. dhar1 Fri Mar 24 08:43:50 EDT 2017  Total:  15 of 20
15
20
CS240: Exam2. dhar1 Fri Mar 24 08:49:46 EDT 2017  Total:  15 of 20
15
20
CS240: Exam2. dhar1 Fri Mar 24 08:50:55 EDT 2017  Total:  15 of 20
15
20
CS240: Exam2. dhar1 Fri Mar 24 08:51:37 EDT 2017  Total:  15 of 20
15
20
CS240: Exam2. dhar1 Fri Mar 24 08:52:37 EDT 2017  Total:  15 of 20
15
20
CS240: Exam2. dhar1 Fri Mar 24 08:57:51 EDT 2017  Total:  15 of 20
15
20
CS240: Exam2. dhar1 Fri Mar 24 08:58:29 EDT 2017  Total:  15 of 20
15
20
CS240: Exam2. dhar1 Fri Mar 24 08:59:30 EDT 2017  Total:  15 of 20
15
20
CS240: Exam2. dhar1 Fri Mar 24 09:01:20 EDT 2017  Total:  15 of 20
15
20
CS240: Exam2. dhar1 Fri Mar 24 09:02:24 EDT 2017  Total:  15 of 20
15
20
CS240: Exam2. dhar1 Fri Mar 24 09:04:20 EDT 2017  Total:  15 of 20
15
20
CS240: Exam2. dhar1 Fri Mar 24 09:05:25 EDT 2017  Total:  15 of 20
15
20
CS240: Exam2. dhar1 Fri Mar 24 09:06:06 EDT 2017  Total:  15 of 20
15
20
CS240: Exam2. dhar1 Fri Mar 24 09:06:38 EDT 2017  Total:  15 of 20
15
20
CS240: Exam2. dhar1 Fri Mar 24 09:07:15 EDT 2017  Total:  15 of 20
15
20
CS240: Exam2. dhar1 Fri Mar 24 09:07:42 EDT 2017  Total:  15 of 20
15
20
CS240: Exam2. dhar1 Fri Mar 24 09:09:06 EDT 2017  Total:  15 of 20
15
20
CS240: Exam2. dhar1 Fri Mar 24 09:09:54 EDT 2017  Total:  15 of 20
15
20
CS240: Exam2. dhar1 Fri Mar 24 11:05:39 EDT 2017  Total:  15 of 20
15
20
CS240: Exam2. dhar1 Fri Mar 24 11:12:44 EDT 2017  Total:  15 of 20
15
20
CS240: Exam2. dhar1 Fri Mar 24 11:14:20 EDT 2017  Total:  15 of 20
15
20
CS240: Exam2. dhar1 Fri Mar 24 11:16:50 EDT 2017  Total:  15 of 20
15
20
CS240: Exam2. dhar1 Fri Mar 24 11:17:50 EDT 2017  Total:  15 of 20
15
20
CS240: Exam2. dhar1 Fri Mar 24 11:18:28 EDT 2017  Total:  15 of 20
15
20
CS240: Exam2. dhar1 Fri Mar 24 11:19:56 EDT 2017  Total:  15 of 20
15
20
CS240: Exam2. dhar1 Fri Mar 24 11:20:15 EDT 2017  Total:  15 of 20
15
20
CS240: Exam2. dhar1 Fri Mar 24 12:43:32 EDT 2017  Total:  15 of 20
15
20
CS240: Exam2. dhar1 Fri Mar 24 12:44:40 EDT 2017  Total:  15 of 20
15
20
CS240: Exam2. dhar1 Mon May 1 11:29:22 EDT 2017  Total:  15 of 20
15
20
