CS240: Exam2. pheldrin Thu Oct 15 12:42:16 EDT 2015  Total:  15 of 15
15
15
CS240: Exam2. pheldrin Thu Oct 15 13:06:45 EDT 2015  Total:  15 of 24
15
24
CS240: Exam2. pheldrin Thu Oct 15 13:07:36 EDT 2015  Total:  24 of 24
24
24
CS240: Exam2. pheldrin Thu Oct 15 13:08:54 EDT 2015  Total:  24 of 24
24
24
CS240: Exam2. pheldrin Thu Oct 15 13:10:01 EDT 2015  Total:  12 of 12
12
12
CS240: Exam2. pheldrin Thu Oct 15 13:10:23 EDT 2015  Total:  24 of 24
24
24
CS240: Exam2. pheldrin Thu Oct 15 13:11:57 EDT 2015  Total:  24 of 24
24
24
CS240: Exam2. pheldrin Thu Oct 15 13:14:18 EDT 2015  Total:  24 of 24
24
24
CS240: Exam2. pheldrin Thu Oct 15 14:51:52 EDT 2015  Total:  24 of 24
24
24
CS240: Exam2. pheldrin Thu Oct 15 21:43:41 EDT 2015  Total:  24 of 24
24
24
CS240: Exam2. pheldrin Thu Oct 15 21:49:10 EDT 2015  Total:  24 of 24
24
24
CS240: Exam2. pheldrin Thu Oct 15 21:49:42 EDT 2015  Total:  24 of 24
24
24
CS240: Exam2. pheldrin Thu Oct 15 21:51:25 EDT 2015  Total:  24 of 24
24
24
CS240: Exam2. pheldrin Thu Oct 15 21:51:59 EDT 2015  Total:  24 of 24
24
24
CS240: Exam2. pheldrin Thu Oct 15 21:53:28 EDT 2015  Total:  24 of 24
24
24
CS240: Exam2. pheldrin Fri Oct 16 02:36:20 EDT 2015  Total:  24 of 24
24
24
CS240: Exam2. pheldrin Fri Oct 16 21:47:52 EDT 2015  Total:  18 of 24
18
24
CS240: Exam2. pheldrin Fri Oct 16 21:48:33 EDT 2015  Total:  24 of 24
24
24
CS240: Exam2. pheldrin Sun Oct 18 00:27:34 EDT 2015  Total:  24 of 24
24
24
CS240: Exam2. pheldrin Sun Oct 18 00:27:39 EDT 2015  Total:  24 of 24
24
24
CS240: Exam2. pheldrin Sun Oct 18 16:24:48 EDT 2015  Total:  24 of 24
24
24
CS240: Exam2. pheldrin Sun Oct 18 17:45:27 EDT 2015  Total:  24 of 24
24
24
CS240: Exam2. pheldrin Sun Oct 18 19:29:30 EDT 2015  Total:  24 of 24
24
24
CS240: Exam2. pheldrin Sun Oct 18 19:37:59 EDT 2015  Total:  24 of 24
24
24
CS240: Exam2. pheldrin Sun Oct 18 19:41:04 EDT 2015  Total:  24 of 24
24
24
CS240: Exam2. pheldrin Sun Oct 18 23:58:20 EDT 2015  Total:  24 of 24
24
24
CS240: Exam2. pheldrin Mon Oct 19 00:02:02 EDT 2015  Total:  24 of 24
24
24
CS240: Exam2. pheldrin Mon Oct 19 00:02:18 EDT 2015  Total:  24 of 24
24
24
CS240: Exam2. pheldrin Mon Oct 19 00:06:43 EDT 2015  Total:  24 of 24
24
24
CS240: Exam2. pheldrin Mon Oct 19 00:08:21 EDT 2015  Total:  24 of 24
24
24
CS240: Exam2. cs240 Mon Oct 19 02:25:21 EDT 2015  Total:  24 of 24
24
24
CS240: Exam2. cs240 Mon Oct 19 02:26:00 EDT 2015  Total:  30 of 30
30
30
CS240: Exam2. cs240 Mon Oct 19 02:28:28 EDT 2015  Total:  30 of 30
30
30
CS240: Exam2. cs240 Mon Oct 19 04:40:23 EDT 2015  Total:  3 of 30
3
30
CS240: Exam2. cs240 Mon Oct 19 04:44:18 EDT 2015  Total:  3 of 30
3
30
CS240: Exam2. cs240 Mon Oct 19 04:47:59 EDT 2015  Total:  3 of 30
3
30
CS240: Exam2. cs240 Mon Oct 19 04:53:56 EDT 2015  Total:  3 of 30
3
30
CS240: Exam2. cs240 Mon Oct 19 12:56:56 EDT 2015  Total:  3 of 30
3
30
CS240: Exam2. cs240 Mon Mar 6 22:12:38 EST 2017  Total:  3 of 30
3
30
CS240: Exam2. cs240 Mon Mar 6 22:13:34 EST 2017  Total:  3 of 30
3
30
CS240: Exam2. dhar1 Mon Mar 20 22:24:58 EDT 2017  Total:  3 of 30
3
30
CS240: Exam2. dhar1 Mon Mar 20 22:31:02 EDT 2017  Total:  3 of 30
3
30
CS240: Exam2. dhar1 Mon Mar 20 22:41:00 EDT 2017  Total:  3 of 30
3
30
CS240: Exam2. dhar1 Mon Mar 20 22:41:40 EDT 2017  Total:  3 of 30
3
30
CS240: Exam2. dhar1 Mon Mar 20 22:42:28 EDT 2017  Total:  9 of 30
9
30
CS240: Exam2. dhar1 Mon Mar 20 22:50:04 EDT 2017  Total:  15 of 30
15
30
CS240: Exam2. dhar1 Mon Mar 20 23:00:47 EDT 2017  Total:  15 of 30
15
30
CS240: Exam2. dhar1 Mon Mar 20 23:01:30 EDT 2017  Total:  15 of 30
15
30
CS240: Exam2. dhar1 Mon Mar 20 23:02:27 EDT 2017  Total:  15 of 30
15
30
CS240: Exam2. dhar1 Mon Mar 20 23:03:25 EDT 2017  Total:  15 of 30
15
30
CS240: Exam2. dhar1 Mon Mar 20 23:05:25 EDT 2017  Total:  18 of 30
18
30
CS240: Exam2. dhar1 Mon Mar 20 23:13:39 EDT 2017  Total:  15 of 30
15
30
CS240: Exam2. dhar1 Mon Mar 20 23:14:41 EDT 2017  Total:  15 of 30
15
30
CS240: Exam2. dhar1 Mon Mar 20 23:15:18 EDT 2017  Total:  15 of 30
15
30
CS240: Exam2. dhar1 Mon Mar 20 23:15:39 EDT 2017  Total:  15 of 30
15
30
CS240: Exam2. dhar1 Mon Mar 20 23:16:14 EDT 2017  Total:  15 of 30
15
30
CS240: Exam2. dhar1 Mon Mar 20 23:16:42 EDT 2017  Total:  15 of 30
15
30
CS240: Exam2. dhar1 Mon Mar 20 23:17:11 EDT 2017  Total:  15 of 30
15
30
CS240: Exam2. dhar1 Mon Mar 20 23:17:49 EDT 2017  Total:  15 of 30
15
30
CS240: Exam2. dhar1 Mon Mar 20 23:19:28 EDT 2017  Total:  15 of 30
15
30
CS240: Exam2. dhar1 Mon Mar 20 23:19:40 EDT 2017  Total:  15 of 30
15
30
CS240: Exam2. dhar1 Mon Mar 20 23:22:01 EDT 2017  Total:  18 of 30
18
30
CS240: Exam2. dhar1 Mon Mar 20 23:27:24 EDT 2017  Total:  18 of 30
18
30
CS240: Exam2. dhar1 Mon Mar 20 23:27:55 EDT 2017  Total:  18 of 30
18
30
CS240: Exam2. dhar1 Mon Mar 20 23:28:59 EDT 2017  Total:  18 of 30
18
30
CS240: Exam2. dhar1 Mon Mar 20 23:30:54 EDT 2017  Total:  24 of 30
24
30
CS240: Exam2. dhar1 Mon Mar 20 23:31:54 EDT 2017  Total:  24 of 30
24
30
CS240: Exam2. dhar1 Mon Mar 20 23:41:50 EDT 2017  Total:  18 of 30
18
30
CS240: Exam2. dhar1 Mon Mar 20 23:42:05 EDT 2017  Total:  18 of 30
18
30
CS240: Exam2. dhar1 Mon Mar 20 23:42:34 EDT 2017  Total:  18 of 30
18
30
CS240: Exam2. dhar1 Mon Mar 20 23:43:27 EDT 2017  Total:  18 of 30
18
30
CS240: Exam2. dhar1 Mon Mar 20 23:44:01 EDT 2017  Total:  18 of 30
18
30
CS240: Exam2. dhar1 Tue Mar 21 00:02:29 EDT 2017  Total:  15 of 30
15
30
CS240: Exam2. dhar1 Tue Mar 21 00:02:56 EDT 2017  Total:  15 of 30
15
30
CS240: Exam2. dhar1 Tue Mar 21 00:03:14 EDT 2017  Total:  15 of 30
15
30
CS240: Exam2. dhar1 Tue Mar 21 00:03:38 EDT 2017  Total:  15 of 30
15
30
CS240: Exam2. dhar1 Tue Mar 21 00:04:15 EDT 2017  Total:  15 of 30
15
30
CS240: Exam2. dhar1 Tue Mar 21 00:08:23 EDT 2017  Total:  15 of 30
15
30
CS240: Exam2. dhar1 Tue Mar 21 00:09:23 EDT 2017  Total:  15 of 30
15
30
CS240: Exam2. dhar1 Tue Mar 21 00:09:51 EDT 2017  Total:  15 of 30
15
30
CS240: Exam2. dhar1 Tue Mar 21 00:14:05 EDT 2017  Total:  15 of 30
15
30
CS240: Exam2. dhar1 Tue Mar 21 00:14:23 EDT 2017  Total:  15 of 30
15
30
CS240: Exam2. dhar1 Tue Mar 21 00:14:55 EDT 2017  Total:  15 of 30
15
30
CS240: Exam2. dhar1 Tue Mar 21 00:15:26 EDT 2017  Total:  15 of 30
15
30
CS240: Exam2. dhar1 Tue Mar 21 00:16:25 EDT 2017  Total:  15 of 30
15
30
CS240: Exam2. dhar1 Tue Mar 21 00:16:47 EDT 2017  Total:  15 of 30
15
30
CS240: Exam2. dhar1 Tue Mar 21 00:19:11 EDT 2017  Total:  15 of 30
15
30
CS240: Exam2. dhar1 Tue Mar 21 00:29:01 EDT 2017  Total:  18 of 30
18
30
CS240: Exam2. dhar1 Tue Mar 21 01:36:51 EDT 2017  Total:  18 of 30
18
30
CS240: Exam2. dhar1 Tue Mar 21 01:38:02 EDT 2017  Total:  18 of 30
18
30
CS240: Exam2. dhar1 Tue Mar 21 01:44:38 EDT 2017  Total:  18 of 30
18
30
CS240: Exam2. dhar1 Tue Mar 21 01:46:50 EDT 2017  Total:  18 of 30
18
30
CS240: Exam2. dhar1 Tue Mar 21 01:47:09 EDT 2017  Total:  24 of 30
24
30
CS240: Exam2. dhar1 Tue Mar 21 01:48:28 EDT 2017  Total:  24 of 30
24
30
CS240: Exam2. dhar1 Tue Mar 21 02:05:22 EDT 2017  Total:  18 of 30
18
30
CS240: Exam2. dhar1 Tue Mar 21 02:14:36 EDT 2017  Total:  27 of 30
27
30
CS240: Exam2. dhar1 Tue Mar 21 02:15:03 EDT 2017  Total:  27 of 30
27
30
CS240: Exam2. dhar1 Tue Mar 21 02:25:36 EDT 2017  Total:  30 of 30
30
30
CS240: Exam2. dhar1 Tue Mar 21 02:30:41 EDT 2017  Total:  30 of 30
30
30
CS240: Exam2. dhar1 Tue Mar 21 02:30:54 EDT 2017  Total:  24 of 30
24
30
CS240: Exam2. dhar1 Tue Mar 21 02:31:25 EDT 2017  Total:  30 of 30
30
30
CS240: Exam2. dhar1 Tue Mar 21 02:31:35 EDT 2017  Total:  30 of 30
30
30
CS240: Exam2. dhar1 Tue Mar 21 02:37:13 EDT 2017  Total:  30 of 30
30
30
CS240: Exam2. dhar1 Tue Mar 21 14:17:48 EDT 2017  Total:  30 of 30
30
30
CS240: Exam2. dhar1 Tue Mar 21 22:12:22 EDT 2017  Total:  30 of 30
30
30
CS240: Exam2. dhar1 Thu Mar 23 03:18:48 EDT 2017  Total:  30 of 30
30
30
CS240: Exam2. dhar1 Fri Mar 24 12:42:07 EDT 2017  Total:  24 of 30
24
30
CS240: Exam2. dhar1 Fri Mar 24 12:42:39 EDT 2017  Total:  30 of 30
30
30
CS240: Exam2. dhar1 Fri Mar 24 12:43:31 EDT 2017  Total:  30 of 30
30
30
