CS240: Exam3. pheldrin Thu Dec 10 20:12:55 EST 2015  Total:  25 of 25
25
25
CS240: Exam3. pheldrin Thu Dec 10 20:13:53 EST 2015  Total:  25 of 25
25
25
CS240: Exam3. pheldrin Fri Dec 11 00:41:36 EST 2015  Total:  25 of 25
25
25
CS240: Exam3. pheldrin Fri Dec 11 00:44:55 EST 2015  Total:  25 of 25
25
25
CS240: Exam3. pheldrin Fri Dec 11 22:03:10 EST 2015  Total:  25 of 25
25
25
CS240: Exam3. pheldrin Fri Dec 11 22:12:25 EST 2015  Total:  25 of 25
25
25
CS240: Exam3. pheldrin Fri Dec 11 22:13:32 EST 2015  Total:  25 of 25
25
25
CS240: Exam3. pheldrin Fri Dec 11 22:13:43 EST 2015  Total:  25 of 25
25
25
CS240: Exam3. pheldrin Fri Dec 11 22:20:51 EST 2015  Total:  25 of 25
25
25
CS240: Exam3. pheldrin Fri Dec 11 22:28:36 EST 2015  Total:  25 of 25
25
25
CS240: Exam3. pheldrin Fri Dec 11 22:40:19 EST 2015  Total:  25 of 25
25
25
CS240: Exam3. pheldrin Fri Dec 11 22:41:18 EST 2015  Total:  3 of 25
3
25
CS240: Exam3. pheldrin Fri Dec 11 22:41:24 EST 2015  Total:  3 of 25
3
25
CS240: Exam3. pheldrin Sun Dec 13 21:44:23 EST 2015  Total:  3 of 25
3
25
CS240: Exam3. pheldrin Sun Dec 13 21:44:34 EST 2015  Total:  3 of 25
3
25
CS240: Exam3. pheldrin Sun Dec 13 21:44:54 EST 2015  Total:  3 of 25
3
25
CS240: Exam3. dhar1 Sun Apr 30 01:11:59 EDT 2017  Total:  3 of 25
3
25
CS240: Exam3. dhar1 Sun Apr 30 01:16:28 EDT 2017  Total:  3 of 25
3
25
CS240: Exam3. dhar1 Sun Apr 30 01:47:38 EDT 2017  Total:  3 of 25
3
25
CS240: Exam3. dhar1 Sun Apr 30 01:48:30 EDT 2017  Total:  3 of 25
3
25
CS240: Exam3. dhar1 Sun Apr 30 14:02:55 EDT 2017  Total:  3 of 25
3
25
CS240: Exam3. dhar1 Sun Apr 30 18:56:55 EDT 2017  Total:  12 of 25
12
25
CS240: Exam3. dhar1 Sun Apr 30 19:08:40 EDT 2017  Total:  3 of 25
3
25
CS240: Exam3. dhar1 Sun Apr 30 19:08:45 EDT 2017  Total:  3 of 25
3
25
CS240: Exam3. dhar1 Sun Apr 30 19:09:04 EDT 2017  Total:  3 of 25
3
25
CS240: Exam3. dhar1 Sun Apr 30 19:22:22 EDT 2017  Total:  12 of 25
12
25
CS240: Exam3. dhar1 Sun Apr 30 19:30:48 EDT 2017  Total:  18 of 25
18
25
CS240: Exam3. dhar1 Sun Apr 30 19:53:16 EDT 2017  Total:  24 of 25
24
25
CS240: Exam3. dhar1 Sun Apr 30 19:53:27 EDT 2017  Total:  24 of 25
24
25
CS240: Exam3. dhar1 Sun Apr 30 20:07:36 EDT 2017  Total:  24 of 25
24
25
CS240: Exam3. dhar1 Sun Apr 30 20:08:06 EDT 2017  Total:  25 of 25
25
25
CS240: Exam3. dhar1 Sun Apr 30 20:10:08 EDT 2017  Total:  25 of 25
25
25
CS240: Exam3. dhar1 Sun Apr 30 20:26:48 EDT 2017  Total:  22 of 25
22
25
CS240: Exam3. dhar1 Sun Apr 30 20:27:52 EDT 2017  Total:  22 of 25
22
25
CS240: Exam3. dhar1 Sun Apr 30 20:28:16 EDT 2017  Total:  22 of 25
22
25
CS240: Exam3. dhar1 Sun Apr 30 20:28:48 EDT 2017  Total:  25 of 25
25
25
CS240: Exam3. dhar1 Mon May 1 03:25:07 EDT 2017  Total:  25 of 25
25
25
CS240: Exam3. dhar1 Mon May 1 03:34:04 EDT 2017  Total:  0 of 25
0
25
CS240: Exam3. dhar1 Mon May 1 03:45:06 EDT 2017  Total:  6 of 25
6
25
CS240: Exam3. dhar1 Mon May 1 04:08:46 EDT 2017  Total:  12 of 25
12
25
CS240: Exam3. dhar1 Mon May 1 04:14:23 EDT 2017  Total:  15 of 25
15
25
CS240: Exam3. dhar1 Mon May 1 04:18:38 EDT 2017  Total:  15 of 25
15
25
CS240: Exam3. dhar1 Mon May 1 04:22:03 EDT 2017  Total:  21 of 25
21
25
CS240: Exam3. dhar1 Mon May 1 04:25:11 EDT 2017  Total:  22 of 25
22
25
CS240: Exam3. dhar1 Mon May 1 04:27:17 EDT 2017  Total:  25 of 25
25
25
CS240: Exam3. dhar1 Mon May 1 08:51:37 EDT 2017  Total:  25 of 25
25
25
CS240: Exam3. dhar1 Mon May 1 11:19:49 EDT 2017  Total:  25 of 25
25
25
